TN:
SF:src/application/explorers/auto-registration.service.ts
FN:165,(anonymous_0)
FN:180,(anonymous_1)
FN:310,(anonymous_2)
FN:319,(anonymous_3)
FN:374,(anonymous_4)
FN:429,(anonymous_5)
FN:484,(anonymous_6)
FN:529,(anonymous_7)
FN:560,(anonymous_8)
FN:579,(anonymous_9)
FNF:10
FNH:0
FNDA:0,(anonymous_0)
FNDA:0,(anonymous_1)
FNDA:0,(anonymous_2)
FNDA:0,(anonymous_3)
FNDA:0,(anonymous_4)
FNDA:0,(anonymous_5)
FNDA:0,(anonymous_6)
FNDA:0,(anonymous_7)
FNDA:0,(anonymous_8)
FNDA:0,(anonymous_9)
DA:46,1
DA:48,1
DA:49,1
DA:162,1
DA:163,0
DA:166,0
DA:167,0
DA:168,0
DA:169,0
DA:170,0
DA:184,0
DA:185,0
DA:196,0
DA:199,0
DA:233,0
DA:235,0
DA:237,0
DA:238,0
DA:246,0
DA:247,0
DA:255,0
DA:256,0
DA:264,0
DA:265,0
DA:273,0
DA:276,0
DA:277,0
DA:279,0
DA:284,0
DA:293,0
DA:295,0
DA:301,0
DA:311,0
DA:323,0
DA:324,0
DA:328,0
DA:331,0
DA:337,0
DA:338,0
DA:340,0
DA:344,0
DA:348,0
DA:351,0
DA:352,0
DA:355,0
DA:356,0
DA:358,0
DA:364,0
DA:378,0
DA:379,0
DA:383,0
DA:386,0
DA:392,0
DA:393,0
DA:395,0
DA:399,0
DA:403,0
DA:406,0
DA:407,0
DA:410,0
DA:411,0
DA:413,0
DA:419,0
DA:433,0
DA:434,0
DA:438,0
DA:441,0
DA:447,0
DA:448,0
DA:450,0
DA:454,0
DA:458,0
DA:461,0
DA:462,0
DA:465,0
DA:466,0
DA:468,0
DA:474,0
DA:488,0
DA:494,0
DA:495,0
DA:497,0
DA:501,0
DA:505,0
DA:509,0
DA:516,0
DA:517,0
DA:519,0
DA:533,0
DA:535,0
DA:536,0
DA:540,0
DA:541,0
DA:544,0
DA:546,0
DA:551,0
DA:561,0
DA:562,0
DA:565,0
DA:570,0
DA:584,0
DA:587,0
DA:588,0
DA:590,0
DA:597,0
LF:105
LH:4
BRDA:182,0,0,0
BRDA:237,1,0,0
BRDA:237,1,1,0
BRDA:246,2,0,0
BRDA:246,2,1,0
BRDA:255,3,0,0
BRDA:255,3,1,0
BRDA:264,4,0,0
BRDA:264,4,1,0
BRDA:323,5,0,0
BRDA:323,5,1,0
BRDA:340,6,0,0
BRDA:340,6,1,0
BRDA:341,7,0,0
BRDA:341,7,1,0
BRDA:378,8,0,0
BRDA:378,8,1,0
BRDA:395,9,0,0
BRDA:395,9,1,0
BRDA:396,10,0,0
BRDA:396,10,1,0
BRDA:433,11,0,0
BRDA:433,11,1,0
BRDA:450,12,0,0
BRDA:450,12,1,0
BRDA:451,13,0,0
BRDA:451,13,1,0
BRDA:497,14,0,0
BRDA:497,14,1,0
BRDA:498,15,0,0
BRDA:498,15,1,0
BRDA:535,16,0,0
BRDA:535,16,1,0
BRDA:535,17,0,0
BRDA:535,17,1,0
BRDA:540,18,0,0
BRDA:540,18,1,0
BRDA:166,19,0,1
BRDA:166,19,1,0
BRDA:166,20,0,1
BRDA:166,20,1,1
BRF:41
BRH:3
end_of_record
TN:
SF:src/application/explorers/core-explorer.service.ts
FN:214,(anonymous_0)
FN:271,(anonymous_1)
FN:276,(anonymous_2)
FN:288,(anonymous_3)
FN:289,(anonymous_4)
FN:298,(anonymous_5)
FN:299,(anonymous_6)
FN:308,(anonymous_7)
FN:309,(anonymous_8)
FN:318,(anonymous_9)
FN:319,(anonymous_10)
FN:327,(anonymous_11)
FN:329,(anonymous_12)
FN:332,(anonymous_13)
FN:343,(anonymous_14)
FN:360,(anonymous_15)
FN:406,(anonymous_16)
FN:418,(anonymous_17)
FN:429,(anonymous_18)
FN:456,(anonymous_19)
FN:504,(anonymous_20)
FN:528,(anonymous_21)
FN:570,(anonymous_22)
FN:583,(anonymous_23)
FN:584,(anonymous_24)
FNF:25
FNH:0
FNDA:0,(anonymous_0)
FNDA:0,(anonymous_1)
FNDA:0,(anonymous_2)
FNDA:0,(anonymous_3)
FNDA:0,(anonymous_4)
FNDA:0,(anonymous_5)
FNDA:0,(anonymous_6)
FNDA:0,(anonymous_7)
FNDA:0,(anonymous_8)
FNDA:0,(anonymous_9)
FNDA:0,(anonymous_10)
FNDA:0,(anonymous_11)
FNDA:0,(anonymous_12)
FNDA:0,(anonymous_13)
FNDA:0,(anonymous_14)
FNDA:0,(anonymous_15)
FNDA:0,(anonymous_16)
FNDA:0,(anonymous_17)
FNDA:0,(anonymous_18)
FNDA:0,(anonymous_19)
FNDA:0,(anonymous_20)
FNDA:0,(anonymous_21)
FNDA:0,(anonymous_22)
FNDA:0,(anonymous_23)
FNDA:0,(anonymous_24)
DA:48,1
DA:50,1
DA:195,1
DA:196,0
DA:197,0
DA:218,0
DA:219,0
DA:220,0
DA:223,0
DA:224,0
DA:225,0
DA:235,0
DA:236,0
DA:237,0
DA:240,0
DA:251,0
DA:252,0
DA:253,0
DA:256,0
DA:258,0
DA:275,0
DA:276,0
DA:279,0
DA:289,0
DA:299,0
DA:309,0
DA:319,0
DA:328,0
DA:329,0
DA:330,0
DA:332,0
DA:334,0
DA:348,0
DA:364,0
DA:365,0
DA:367,0
DA:369,0
DA:371,0
DA:372,0
DA:373,0
DA:374,0
DA:375,0
DA:381,0
DA:382,0
DA:383,0
DA:384,0
DA:388,0
DA:392,0
DA:398,0
DA:410,0
DA:421,0
DA:434,0
DA:440,0
DA:444,0
DA:445,0
DA:448,0
DA:460,0
DA:464,0
DA:465,0
DA:466,0
DA:467,0
DA:468,0
DA:469,0
DA:470,0
DA:471,0
DA:472,0
DA:473,0
DA:474,0
DA:475,0
DA:477,0
DA:480,0
DA:491,0
DA:495,0
DA:505,0
DA:529,0
DA:546,0
DA:547,0
DA:548,0
DA:549,0
DA:550,0
DA:551,0
DA:552,0
DA:556,0
DA:557,0
DA:558,0
DA:559,0
DA:560,0
DA:562,0
DA:574,0
DA:575,0
DA:584,0
DA:585,0
LF:92
LH:3
BRDA:216,0,0,0
BRDA:223,1,0,0
BRDA:223,1,1,0
BRDA:223,2,0,0
BRDA:223,2,1,0
BRDA:251,3,0,0
BRDA:251,3,1,0
BRDA:273,4,0,0
BRDA:328,5,0,0
BRDA:328,5,1,0
BRDA:372,6,0,0
BRDA:372,6,1,0
BRDA:374,7,0,0
BRDA:374,7,1,0
BRDA:381,8,0,0
BRDA:381,8,1,0
BRDA:386,9,0,0
BRDA:386,9,1,0
BRDA:434,10,0,0
BRDA:434,10,1,0
BRDA:435,11,0,0
BRDA:435,11,1,0
BRDA:435,11,2,0
BRDA:435,11,3,0
BRDA:444,12,0,0
BRDA:444,12,1,0
BRDA:444,13,0,0
BRDA:444,13,1,0
BRDA:464,14,0,0
BRDA:464,14,1,0
BRDA:467,15,0,0
BRDA:467,15,1,0
BRDA:470,16,0,0
BRDA:470,16,1,0
BRDA:473,17,0,0
BRDA:473,17,1,0
BRF:36
BRH:0
end_of_record
TN:
SF:src/application/explorers/di-integration.service.ts
FN:182,(anonymous_0)
FN:201,(anonymous_1)
FN:254,(anonymous_2)
FN:278,(anonymous_3)
FN:301,(anonymous_4)
FN:340,(anonymous_5)
FN:360,(anonymous_6)
FN:403,(anonymous_7)
FN:437,(anonymous_8)
FN:456,(anonymous_9)
FN:487,(anonymous_10)
FN:496,(anonymous_11)
FN:499,(anonymous_12)
FN:510,(anonymous_13)
FN:527,(anonymous_14)
FNF:15
FNH:0
FNDA:0,(anonymous_0)
FNDA:0,(anonymous_1)
FNDA:0,(anonymous_2)
FNDA:0,(anonymous_3)
FNDA:0,(anonymous_4)
FNDA:0,(anonymous_5)
FNDA:0,(anonymous_6)
FNDA:0,(anonymous_7)
FNDA:0,(anonymous_8)
FNDA:0,(anonymous_9)
FNDA:0,(anonymous_10)
FNDA:0,(anonymous_11)
FNDA:0,(anonymous_12)
FNDA:0,(anonymous_13)
FNDA:0,(anonymous_14)
DA:44,1
DA:46,1
DA:47,1
DA:48,1
DA:50,1
DA:51,1
DA:52,1
DA:172,1
DA:173,0
DA:183,0
DA:185,0
DA:187,0
DA:189,0
DA:191,0
DA:192,0
DA:210,0
DA:215,0
DA:217,0
DA:220,0
DA:221,0
DA:224,0
DA:225,0
DA:229,0
DA:230,0
DA:231,0
DA:233,0
DA:237,0
DA:239,0
DA:245,0
DA:255,0
DA:257,0
DA:262,0
DA:263,0
DA:268,0
DA:269,0
DA:279,0
DA:306,0
DA:307,0
DA:308,0
DA:313,0
DA:315,0
DA:318,0
DA:328,0
DA:330,0
DA:331,0
DA:341,0
DA:342,0
DA:347,0
DA:349,0
DA:350,0
DA:368,0
DA:369,0
DA:375,0
DA:376,0
DA:379,0
DA:380,0
DA:382,0
DA:388,0
DA:394,0
DA:411,0
DA:413,0
DA:414,0
DA:418,0
DA:423,0
DA:425,0
DA:427,0
DA:428,0
DA:443,0
DA:460,0
DA:461,0
DA:469,0
DA:475,0
DA:477,0
DA:478,0
DA:488,0
DA:497,0
DA:498,0
DA:499,0
DA:502,0
DA:504,0
DA:511,0
DA:519,0
DA:532,0
DA:538,0
LF:84
LH:8
BRDA:202,0,0,0
BRDA:220,1,0,0
BRDA:220,1,1,0
BRDA:224,2,0,0
BRDA:224,2,1,0
BRDA:307,3,0,0
BRDA:307,3,1,0
BRDA:308,4,0,0
BRDA:308,4,1,0
BRDA:313,5,0,0
BRDA:313,5,1,0
BRDA:362,6,0,0
BRDA:413,7,0,0
BRDA:413,7,1,0
BRDA:414,8,0,0
BRDA:414,8,1,0
BRDA:415,9,0,0
BRDA:415,9,1,0
BRDA:444,10,0,0
BRDA:444,10,1,0
BRDA:446,11,0,0
BRDA:446,11,1,0
BRDA:497,12,0,0
BRDA:497,12,1,0
BRDA:185,13,0,1
BRDA:185,13,1,0
BRDA:185,14,0,1
BRDA:185,14,1,1
BRDA:185,15,0,1
BRDA:185,15,1,0
BRDA:185,16,0,1
BRDA:185,16,1,1
BRDA:187,17,0,1
BRDA:187,17,1,0
BRDA:187,18,0,1
BRDA:187,18,1,1
BRDA:189,19,0,1
BRDA:189,19,1,0
BRDA:189,20,0,1
BRDA:189,20,1,1
BRDA:191,21,0,1
BRDA:191,21,1,0
BRDA:191,22,0,1
BRDA:191,22,1,1
BRF:44
BRH:15
end_of_record
TN:
SF:src/application/explorers/module-scanner.service.ts
FN:153,(anonymous_0)
FN:169,(anonymous_1)
FN:206,(anonymous_2)
FN:246,(anonymous_3)
FN:259,(anonymous_4)
FN:295,(anonymous_5)
FN:316,(anonymous_6)
FN:327,(anonymous_7)
FN:339,(anonymous_8)
FN:369,(anonymous_9)
FN:407,(anonymous_10)
FN:419,(anonymous_11)
FN:433,(anonymous_12)
FN:438,(anonymous_13)
FN:473,(anonymous_14)
FN:515,(anonymous_15)
FN:531,(anonymous_16)
FN:555,(anonymous_17)
FNF:18
FNH:0
FNDA:0,(anonymous_0)
FNDA:0,(anonymous_1)
FNDA:0,(anonymous_2)
FNDA:0,(anonymous_3)
FNDA:0,(anonymous_4)
FNDA:0,(anonymous_5)
FNDA:0,(anonymous_6)
FNDA:0,(anonymous_7)
FNDA:0,(anonymous_8)
FNDA:0,(anonymous_9)
FNDA:0,(anonymous_10)
FNDA:0,(anonymous_11)
FNDA:0,(anonymous_12)
FNDA:0,(anonymous_13)
FNDA:0,(anonymous_14)
FNDA:0,(anonymous_15)
FNDA:0,(anonymous_16)
FNDA:0,(anonymous_17)
DA:10,1
DA:12,1
DA:14,1
DA:152,1
DA:153,0
DA:155,0
DA:173,0
DA:174,0
DA:178,0
DA:179,0
DA:180,0
DA:182,0
DA:183,0
DA:186,0
DA:191,0
DA:193,0
DA:199,0
DA:210,0
DA:211,0
DA:215,0
DA:216,0
DA:220,0
DA:222,0
DA:223,0
DA:226,0
DA:231,0
DA:233,0
DA:239,0
DA:249,0
DA:259,0
DA:260,0
DA:264,0
DA:265,0
DA:267,0
DA:268,0
DA:269,0
DA:270,0
DA:271,0
DA:276,0
DA:280,0
DA:283,0
DA:286,0
DA:287,0
DA:289,0
DA:299,0
DA:300,0
DA:302,0
DA:304,0
DA:305,0
DA:306,0
DA:307,0
DA:310,0
DA:320,0
DA:321,0
DA:333,0
DA:343,0
DA:345,0
DA:346,0
DA:347,0
DA:348,0
DA:349,0
DA:352,0
DA:363,0
DA:372,0
DA:373,0
DA:374,0
DA:376,0
DA:392,0
DA:400,0
DA:410,0
DA:411,0
DA:412,0
DA:415,0
DA:416,0
DA:417,0
DA:418,0
DA:419,0
DA:421,0
DA:422,0
DA:423,0
DA:434,0
DA:435,0
DA:436,0
DA:438,0
DA:439,0
DA:440,0
DA:441,0
DA:442,0
DA:443,0
DA:446,0
DA:447,0
DA:450,0
DA:451,0
DA:453,0
DA:454,0
DA:455,0
DA:458,0
DA:461,0
DA:462,0
DA:463,0
DA:467,0
DA:474,0
DA:475,0
DA:476,0
DA:478,0
DA:479,0
DA:482,0
DA:483,0
DA:484,0
DA:488,0
DA:489,0
DA:490,0
DA:494,0
DA:495,0
DA:496,0
DA:498,0
DA:499,0
DA:500,0
DA:501,0
DA:503,0
DA:504,0
DA:509,0
DA:516,0
DA:518,0
DA:519,0
DA:520,0
DA:521,0
DA:525,0
DA:532,0
DA:534,0
DA:535,0
DA:537,0
DA:538,0
DA:539,0
DA:540,0
DA:544,0
DA:545,0
DA:549,0
DA:558,0
DA:560,0
DA:561,0
DA:564,0
DA:565,0
DA:568,0
DA:569,0
DA:572,0
DA:573,0
DA:576,0
LF:148
LH:4
BRDA:171,0,0,0
BRDA:182,1,0,0
BRDA:182,1,1,0
BRDA:208,2,0,0
BRDA:222,3,0,0
BRDA:222,3,1,0
BRDA:267,4,0,0
BRDA:267,4,1,0
BRDA:270,5,0,0
BRDA:270,5,1,0
BRDA:299,6,0,0
BRDA:299,6,1,0
BRDA:300,7,0,0
BRDA:300,7,1,0
BRDA:320,8,0,0
BRDA:320,8,1,0
BRDA:348,9,0,0
BRDA:348,9,1,0
BRDA:416,10,0,0
BRDA:416,10,1,0
BRDA:421,11,0,0
BRDA:421,11,1,0
BRDA:439,12,0,0
BRDA:439,12,1,0
BRDA:446,13,0,0
BRDA:446,13,1,0
BRDA:453,14,0,0
BRDA:453,14,1,0
BRDA:462,15,0,0
BRDA:462,15,1,0
BRDA:484,16,0,0
BRDA:484,16,1,0
BRDA:489,17,0,0
BRDA:489,17,1,0
BRDA:498,18,0,0
BRDA:498,18,1,0
BRDA:500,19,0,0
BRDA:500,19,1,0
BRDA:503,20,0,0
BRDA:503,20,1,0
BRDA:519,21,0,0
BRDA:519,21,1,0
BRDA:520,22,0,0
BRDA:520,22,1,0
BRDA:538,23,0,0
BRDA:538,23,1,0
BRDA:544,24,0,0
BRDA:544,24,1,0
BRDA:560,25,0,0
BRDA:560,25,1,0
BRDA:560,26,0,0
BRDA:560,26,1,0
BRDA:564,27,0,0
BRDA:564,27,1,0
BRDA:568,28,0,0
BRDA:568,28,1,0
BRDA:568,29,0,0
BRDA:568,29,1,0
BRDA:572,30,0,0
BRDA:572,30,1,0
BRDA:572,31,0,0
BRDA:572,31,1,0
BRF:62
BRH:0
end_of_record
TN:
SF:src/core/context/async-context-middleware.ts
FN:26,(anonymous_0)
FN:31,(anonymous_1)
FN:51,(anonymous_2)
FN:64,(anonymous_3)
FN:69,(anonymous_4)
FN:89,(anonymous_5)
FN:102,(anonymous_6)
FN:107,(anonymous_7)
FN:139,(anonymous_8)
FN:158,(anonymous_9)
FN:163,(anonymous_10)
FN:193,(anonymous_11)
FN:206,(anonymous_12)
FN:211,(anonymous_13)
FN:259,(anonymous_14)
FN:272,(anonymous_15)
FN:277,(anonymous_16)
FN:319,(anonymous_17)
FN:336,(anonymous_18)
FN:341,(anonymous_19)
FN:368,(anonymous_20)
FN:381,(anonymous_21)
FN:386,(anonymous_22)
FN:407,(anonymous_23)
FN:420,(anonymous_24)
FN:425,(anonymous_25)
FN:428,(anonymous_26)
FN:439,(anonymous_27)
FN:440,(anonymous_28)
FN:454,(anonymous_29)
FN:461,(anonymous_30)
FN:462,(anonymous_31)
FN:478,(anonymous_32)
FN:488,(anonymous_33)
FN:496,(anonymous_34)
FN:504,(anonymous_35)
FN:509,(anonymous_36)
FN:512,(anonymous_37)
FNF:38
FNH:0
FNDA:0,(anonymous_0)
FNDA:0,(anonymous_1)
FNDA:0,(anonymous_2)
FNDA:0,(anonymous_3)
FNDA:0,(anonymous_4)
FNDA:0,(anonymous_5)
FNDA:0,(anonymous_6)
FNDA:0,(anonymous_7)
FNDA:0,(anonymous_8)
FNDA:0,(anonymous_9)
FNDA:0,(anonymous_10)
FNDA:0,(anonymous_11)
FNDA:0,(anonymous_12)
FNDA:0,(anonymous_13)
FNDA:0,(anonymous_14)
FNDA:0,(anonymous_15)
FNDA:0,(anonymous_16)
FNDA:0,(anonymous_17)
FNDA:0,(anonymous_18)
FNDA:0,(anonymous_19)
FNDA:0,(anonymous_20)
FNDA:0,(anonymous_21)
FNDA:0,(anonymous_22)
FNDA:0,(anonymous_23)
FNDA:0,(anonymous_24)
FNDA:0,(anonymous_25)
FNDA:0,(anonymous_26)
FNDA:0,(anonymous_27)
FNDA:0,(anonymous_28)
FNDA:0,(anonymous_29)
FNDA:0,(anonymous_30)
FNDA:0,(anonymous_31)
FNDA:0,(anonymous_32)
FNDA:0,(anonymous_33)
FNDA:0,(anonymous_34)
FNDA:0,(anonymous_35)
FNDA:0,(anonymous_36)
FNDA:0,(anonymous_37)
DA:10,1
DA:12,1
DA:22,1
DA:23,0
DA:24,0
DA:26,0
DA:35,0
DA:36,0
DA:37,0
DA:45,0
DA:52,0
DA:60,1
DA:61,0
DA:62,0
DA:64,0
DA:73,0
DA:74,0
DA:75,0
DA:83,0
DA:90,0
DA:98,1
DA:99,0
DA:100,0
DA:102,0
DA:111,0
DA:112,0
DA:113,0
DA:115,0
DA:116,0
DA:121,0
DA:122,0
DA:127,0
DA:128,0
DA:133,0
DA:140,0
DA:152,1
DA:155,0
DA:156,0
DA:158,0
DA:167,0
DA:168,0
DA:170,0
DA:171,0
DA:173,0
DA:174,0
DA:176,0
DA:177,0
DA:185,0
DA:186,0
DA:194,0
DA:202,1
DA:203,0
DA:204,0
DA:206,0
DA:215,0
DA:216,0
DA:217,0
DA:218,0
DA:220,0
DA:227,0
DA:229,0
DA:232,0
DA:234,0
DA:237,0
DA:239,0
DA:242,0
DA:244,0
DA:247,0
DA:249,0
DA:250,0
DA:253,0
DA:260,0
DA:268,1
DA:269,0
DA:270,0
DA:272,0
DA:281,0
DA:282,0
DA:283,0
DA:284,0
DA:285,0
DA:289,0
DA:295,0
DA:296,0
DA:299,0
DA:306,0
DA:312,0
DA:320,0
DA:332,1
DA:333,0
DA:334,0
DA:336,0
DA:345,0
DA:346,0
DA:348,0
DA:349,0
DA:355,0
DA:356,0
DA:362,0
DA:369,0
DA:377,1
DA:378,0
DA:379,0
DA:381,0
DA:390,0
DA:392,0
DA:393,0
DA:401,0
DA:408,0
DA:409,0
DA:417,1
DA:418,0
DA:420,0
DA:426,0
DA:428,0
DA:429,0
DA:440,0
DA:441,0
DA:442,0
DA:443,0
DA:446,0
DA:448,0
DA:455,0
DA:462,0
DA:463,0
DA:466,0
DA:472,0
DA:483,0
DA:484,0
DA:487,0
DA:488,0
DA:490,0
DA:497,0
DA:498,0
DA:509,0
DA:510,0
DA:512,0
LF:137
LH:11
BRDA:36,0,0,0
BRDA:36,0,1,0
BRDA:74,1,0,0
BRDA:74,1,1,0
BRDA:115,2,0,0
BRDA:115,2,1,0
BRDA:121,3,0,0
BRDA:121,3,1,0
BRDA:127,4,0,0
BRDA:127,4,1,0
BRDA:141,5,0,0
BRDA:141,5,1,0
BRDA:141,5,2,0
BRDA:176,6,0,0
BRDA:176,6,1,0
BRDA:227,7,0,0
BRDA:227,7,1,0
BRDA:227,7,2,0
BRDA:227,7,3,0
BRDA:227,7,4,0
BRDA:321,8,0,0
BRDA:321,8,1,0
BRDA:321,8,2,0
BRDA:348,9,0,0
BRDA:348,9,1,0
BRDA:355,10,0,0
BRDA:355,10,1,0
BRDA:369,11,0,0
BRDA:369,11,1,0
BRDA:392,12,0,0
BRDA:392,12,1,0
BRDA:441,13,0,0
BRDA:441,13,1,0
BRDA:483,14,0,0
BRDA:483,14,1,0
BRDA:514,15,0,0
BRDA:514,15,1,0
BRDA:515,16,0,0
BRDA:515,16,1,0
BRF:39
BRH:0
end_of_record
TN:
SF:src/core/context/async-context-provider.ts
FN:23,(anonymous_0)
FN:30,(anonymous_1)
FN:109,(anonymous_2)
FN:122,(anonymous_3)
FN:129,(anonymous_4)
FN:208,(anonymous_5)
FN:225,(anonymous_6)
FN:232,(anonymous_7)
FN:305,(anonymous_8)
FN:322,(anonymous_9)
FN:329,(anonymous_10)
FN:398,(anonymous_11)
FN:415,(anonymous_12)
FN:422,(anonymous_13)
FN:479,(anonymous_14)
FN:496,(anonymous_15)
FN:503,(anonymous_16)
FN:506,(anonymous_17)
FN:517,(anonymous_18)
FN:518,(anonymous_19)
FN:534,(anonymous_20)
FN:541,(anonymous_21)
FN:545,(anonymous_22)
FN:585,(anonymous_23)
FN:593,(anonymous_24)
FN:598,(anonymous_25)
FN:601,(anonymous_26)
FNF:27
FNH:27
FNDA:15,(anonymous_0)
FNDA:5,(anonymous_1)
FNDA:5,(anonymous_2)
FNDA:11,(anonymous_3)
FNDA:3,(anonymous_4)
FNDA:5,(anonymous_5)
FNDA:8,(anonymous_6)
FNDA:2,(anonymous_7)
FNDA:3,(anonymous_8)
FNDA:6,(anonymous_9)
FNDA:2,(anonymous_10)
FNDA:3,(anonymous_11)
FNDA:6,(anonymous_12)
FNDA:2,(anonymous_13)
FNDA:3,(anonymous_14)
FNDA:10,(anonymous_15)
FNDA:13,(anonymous_16)
FNDA:10,(anonymous_17)
FNDA:2,(anonymous_18)
FNDA:1,(anonymous_19)
FNDA:6,(anonymous_20)
FNDA:3,(anonymous_21)
FNDA:3,(anonymous_22)
FNDA:1,(anonymous_23)
FNDA:2,(anonymous_24)
FNDA:3,(anonymous_25)
FNDA:3,(anonymous_26)
DA:10,2
DA:12,2
DA:19,2
DA:20,15
DA:21,15
DA:24,15
DA:31,5
DA:34,5
DA:36,3
DA:37,2
DA:41,3
DA:42,2
DA:46,3
DA:47,1
DA:51,3
DA:52,1
DA:56,3
DA:57,1
DA:61,3
DA:62,1
DA:66,3
DA:67,1
DA:71,3
DA:72,1
DA:76,3
DA:77,1
DA:81,3
DA:82,1
DA:87,5
DA:88,3
DA:91,5
DA:92,1
DA:96,5
DA:98,5
DA:103,5
DA:110,5
DA:118,2
DA:119,11
DA:120,11
DA:123,11
DA:130,3
DA:133,3
DA:134,2
DA:135,2
DA:138,2
DA:139,1
DA:142,2
DA:143,1
DA:146,2
DA:147,1
DA:150,2
DA:151,1
DA:154,2
DA:155,1
DA:158,2
DA:159,1
DA:162,2
DA:163,1
DA:166,2
DA:167,1
DA:170,2
DA:171,1
DA:174,2
DA:175,1
DA:180,3
DA:181,2
DA:182,1
DA:185,2
DA:186,2
DA:189,2
DA:190,0
DA:195,3
DA:197,3
DA:202,3
DA:209,5
DA:221,2
DA:222,8
DA:223,8
DA:226,8
DA:233,2
DA:236,2
DA:237,1
DA:238,1
DA:241,1
DA:242,1
DA:245,1
DA:246,1
DA:249,1
DA:250,1
DA:253,1
DA:254,1
DA:257,1
DA:258,1
DA:261,1
DA:262,1
DA:265,1
DA:266,1
DA:271,2
DA:272,1
DA:273,1
DA:274,1
DA:277,1
DA:278,1
DA:281,1
DA:282,1
DA:286,1
DA:287,1
DA:292,2
DA:294,2
DA:299,2
DA:306,3
DA:318,2
DA:319,6
DA:320,6
DA:323,6
DA:330,2
DA:333,2
DA:334,1
DA:335,1
DA:338,1
DA:339,1
DA:342,1
DA:343,1
DA:346,1
DA:347,1
DA:350,1
DA:351,1
DA:354,1
DA:355,1
DA:360,2
DA:361,1
DA:364,2
DA:365,1
DA:368,2
DA:369,1
DA:372,2
DA:373,1
DA:376,2
DA:377,1
DA:380,2
DA:381,1
DA:385,2
DA:387,2
DA:392,2
DA:399,3
DA:411,2
DA:412,6
DA:413,6
DA:416,6
DA:423,2
DA:426,2
DA:427,1
DA:428,1
DA:431,1
DA:432,1
DA:435,1
DA:436,1
DA:439,1
DA:440,1
DA:443,1
DA:444,1
DA:447,1
DA:448,1
DA:451,1
DA:452,1
DA:457,2
DA:458,1
DA:461,2
DA:462,1
DA:466,2
DA:468,2
DA:473,2
DA:480,3
DA:493,2
DA:494,10
DA:497,10
DA:504,13
DA:506,13
DA:507,13
DA:518,2
DA:519,2
DA:520,1
DA:521,1
DA:526,1
DA:528,1
DA:535,6
DA:542,3
DA:545,3
DA:546,3
DA:549,3
DA:556,3
DA:557,3
DA:558,3
DA:559,2
DA:560,2
DA:566,1
DA:574,3
DA:579,3
DA:586,1
DA:587,1
DA:598,3
DA:599,2
DA:601,3
LF:203
LH:202
BRDA:34,0,0,3
BRDA:34,0,1,2
BRDA:36,1,0,2
BRDA:36,1,1,1
BRDA:41,2,0,2
BRDA:41,2,1,1
BRDA:46,3,0,1
BRDA:46,3,1,2
BRDA:51,4,0,1
BRDA:51,4,1,2
BRDA:56,5,0,1
BRDA:56,5,1,2
BRDA:61,6,0,1
BRDA:61,6,1,2
BRDA:66,7,0,1
BRDA:66,7,1,2
BRDA:71,8,0,1
BRDA:71,8,1,2
BRDA:76,9,0,1
BRDA:76,9,1,2
BRDA:81,10,0,1
BRDA:81,10,1,2
BRDA:87,11,0,3
BRDA:87,11,1,2
BRDA:91,12,0,1
BRDA:91,12,1,4
BRDA:91,13,0,5
BRDA:91,13,1,1
BRDA:110,14,0,5
BRDA:110,14,1,5
BRDA:110,14,2,3
BRDA:110,14,3,2
BRDA:133,15,0,2
BRDA:133,15,1,1
BRDA:134,16,0,2
BRDA:134,16,1,0
BRDA:138,17,0,1
BRDA:138,17,1,1
BRDA:142,18,0,1
BRDA:142,18,1,1
BRDA:146,19,0,1
BRDA:146,19,1,1
BRDA:150,20,0,1
BRDA:150,20,1,1
BRDA:154,21,0,1
BRDA:154,21,1,1
BRDA:158,22,0,1
BRDA:158,22,1,1
BRDA:162,23,0,1
BRDA:162,23,1,1
BRDA:166,24,0,1
BRDA:166,24,1,1
BRDA:170,25,0,1
BRDA:170,25,1,1
BRDA:174,26,0,1
BRDA:174,26,1,1
BRDA:180,27,0,2
BRDA:180,27,1,1
BRDA:181,28,0,1
BRDA:181,28,1,1
BRDA:181,29,0,2
BRDA:181,29,1,2
BRDA:185,30,0,2
BRDA:185,30,1,0
BRDA:185,31,0,2
BRDA:185,31,1,2
BRDA:189,32,0,0
BRDA:189,32,1,2
BRDA:189,33,0,2
BRDA:189,33,1,0
BRDA:210,34,0,5
BRDA:210,34,1,5
BRDA:210,34,2,2
BRDA:210,34,3,4
BRDA:210,34,4,2
BRDA:210,34,5,1
BRDA:236,35,0,1
BRDA:236,35,1,1
BRDA:237,36,0,1
BRDA:237,36,1,0
BRDA:241,37,0,1
BRDA:241,37,1,0
BRDA:245,38,0,1
BRDA:245,38,1,0
BRDA:249,39,0,1
BRDA:249,39,1,0
BRDA:253,40,0,1
BRDA:253,40,1,0
BRDA:257,41,0,1
BRDA:257,41,1,0
BRDA:261,42,0,1
BRDA:261,42,1,0
BRDA:265,43,0,1
BRDA:265,43,1,0
BRDA:271,44,0,1
BRDA:271,44,1,1
BRDA:272,45,0,1
BRDA:272,45,1,0
BRDA:273,46,0,1
BRDA:273,46,1,0
BRDA:273,47,0,1
BRDA:273,47,1,1
BRDA:277,48,0,1
BRDA:277,48,1,0
BRDA:277,49,0,1
BRDA:277,49,1,1
BRDA:281,50,0,1
BRDA:281,50,1,0
BRDA:281,51,0,1
BRDA:281,51,1,1
BRDA:286,52,0,1
BRDA:286,52,1,0
BRDA:307,53,0,3
BRDA:307,53,1,3
BRDA:307,53,2,1
BRDA:307,53,3,3
BRDA:333,54,0,1
BRDA:333,54,1,1
BRDA:334,55,0,1
BRDA:334,55,1,0
BRDA:338,56,0,1
BRDA:338,56,1,0
BRDA:342,57,0,1
BRDA:342,57,1,0
BRDA:346,58,0,1
BRDA:346,58,1,0
BRDA:350,59,0,1
BRDA:350,59,1,0
BRDA:354,60,0,1
BRDA:354,60,1,0
BRDA:360,61,0,1
BRDA:360,61,1,1
BRDA:360,62,0,2
BRDA:360,62,1,1
BRDA:364,63,0,1
BRDA:364,63,1,1
BRDA:364,64,0,2
BRDA:364,64,1,1
BRDA:368,65,0,1
BRDA:368,65,1,1
BRDA:368,66,0,2
BRDA:368,66,1,1
BRDA:372,67,0,1
BRDA:372,67,1,1
BRDA:372,68,0,2
BRDA:372,68,1,1
BRDA:376,69,0,1
BRDA:376,69,1,1
BRDA:376,70,0,2
BRDA:376,70,1,1
BRDA:380,71,0,1
BRDA:380,71,1,1
BRDA:380,72,0,2
BRDA:380,72,1,1
BRDA:400,73,0,3
BRDA:400,73,1,3
BRDA:400,73,2,1
BRDA:400,73,3,0
BRDA:400,73,4,3
BRDA:426,74,0,1
BRDA:426,74,1,1
BRDA:427,75,0,1
BRDA:427,75,1,0
BRDA:431,76,0,1
BRDA:431,76,1,0
BRDA:435,77,0,1
BRDA:435,77,1,0
BRDA:439,78,0,1
BRDA:439,78,1,0
BRDA:443,79,0,1
BRDA:443,79,1,0
BRDA:447,80,0,1
BRDA:447,80,1,0
BRDA:451,81,0,1
BRDA:451,81,1,0
BRDA:457,82,0,1
BRDA:457,82,1,1
BRDA:457,83,0,2
BRDA:457,83,1,1
BRDA:461,84,0,1
BRDA:461,84,1,1
BRDA:461,85,0,2
BRDA:461,85,1,1
BRDA:481,86,0,3
BRDA:481,86,1,3
BRDA:481,86,2,2
BRDA:481,86,3,1
BRDA:519,87,0,1
BRDA:519,87,1,1
BRDA:603,88,0,1
BRDA:603,88,1,1
BRDA:604,89,0,1
BRDA:604,89,1,1
BRF:193
BRH:162
end_of_record
TN:
SF:src/core/context/core-async-context-manager.ts
FN:117,(anonymous_0)
FN:124,(anonymous_1)
FN:139,(anonymous_2)
FN:146,(anonymous_3)
FN:148,(anonymous_4)
FN:159,(anonymous_5)
FN:161,(anonymous_6)
FN:168,(anonymous_7)
FN:172,(anonymous_8)
FN:173,(anonymous_9)
FN:187,(anonymous_10)
FN:190,(anonymous_11)
FN:199,(anonymous_12)
FN:203,(anonymous_13)
FN:204,(anonymous_14)
FN:211,(anonymous_15)
FN:215,(anonymous_16)
FN:216,(anonymous_17)
FN:223,(anonymous_18)
FN:231,(anonymous_19)
FN:262,(anonymous_20)
FN:271,(anonymous_21)
FN:285,(anonymous_22)
FN:314,(anonymous_23)
FN:321,(anonymous_24)
FN:328,(anonymous_25)
FN:342,(anonymous_26)
FN:349,(anonymous_27)
FN:350,(anonymous_28)
FN:356,(anonymous_29)
FN:357,(anonymous_30)
FN:363,(anonymous_31)
FN:365,(anonymous_32)
FN:372,(anonymous_33)
FN:374,(anonymous_34)
FN:381,(anonymous_35)
FN:383,(anonymous_36)
FN:390,(anonymous_37)
FN:392,(anonymous_38)
FN:399,(anonymous_39)
FN:401,(anonymous_40)
FN:408,(anonymous_41)
FN:410,(anonymous_42)
FN:417,(anonymous_43)
FN:445,(anonymous_44)
FN:469,(anonymous_45)
FN:506,(anonymous_46)
FN:517,(anonymous_47)
FNF:48
FNH:45
FNDA:36,(anonymous_0)
FNDA:165,(anonymous_1)
FNDA:6,(anonymous_2)
FNDA:0,(anonymous_3)
FNDA:0,(anonymous_4)
FNDA:5,(anonymous_5)
FNDA:5,(anonymous_6)
FNDA:7,(anonymous_7)
FNDA:7,(anonymous_8)
FNDA:7,(anonymous_9)
FNDA:3,(anonymous_10)
FNDA:3,(anonymous_11)
FNDA:1,(anonymous_12)
FNDA:1,(anonymous_13)
FNDA:1,(anonymous_14)
FNDA:1,(anonymous_15)
FNDA:1,(anonymous_16)
FNDA:1,(anonymous_17)
FNDA:3,(anonymous_18)
FNDA:2,(anonymous_19)
FNDA:4,(anonymous_20)
FNDA:0,(anonymous_21)
FNDA:4,(anonymous_22)
FNDA:42,(anonymous_23)
FNDA:5,(anonymous_24)
FNDA:2,(anonymous_25)
FNDA:538,(anonymous_26)
FNDA:175,(anonymous_27)
FNDA:5296,(anonymous_28)
FNDA:175,(anonymous_29)
FNDA:5296,(anonymous_30)
FNDA:2,(anonymous_31)
FNDA:8,(anonymous_32)
FNDA:2,(anonymous_33)
FNDA:8,(anonymous_34)
FNDA:1,(anonymous_35)
FNDA:4,(anonymous_36)
FNDA:1,(anonymous_37)
FNDA:4,(anonymous_38)
FNDA:1,(anonymous_39)
FNDA:5,(anonymous_40)
FNDA:1,(anonymous_41)
FNDA:5,(anonymous_42)
FNDA:1,(anonymous_43)
FNDA:174,(anonymous_44)
FNDA:1,(anonymous_45)
FNDA:3,(anonymous_46)
FNDA:2,(anonymous_47)
DA:52,2
DA:54,2
DA:55,2
DA:61,2
DA:102,2
DA:103,36
DA:105,36
DA:106,36
DA:114,36
DA:118,36
DA:125,165
DA:126,165
DA:127,165
DA:128,165
DA:133,165
DA:140,6
DA:148,0
DA:149,0
DA:161,5
DA:162,5
DA:172,7
DA:173,7
DA:174,7
DA:175,7
DA:176,6
DA:178,1
DA:190,3
DA:191,3
DA:193,2
DA:203,1
DA:204,1
DA:215,1
DA:216,1
DA:224,3
DA:225,3
DA:232,2
DA:234,2
DA:235,4
DA:236,1
DA:240,2
DA:241,1
DA:242,1
DA:249,2
DA:250,1
DA:251,1
DA:263,4
DA:264,1
DA:265,1
DA:268,3
DA:271,3
DA:272,0
DA:275,3
DA:276,3
DA:286,4
DA:287,1
DA:288,1
DA:291,3
DA:294,3
DA:295,3
DA:296,3
DA:300,3
DA:301,3
DA:303,3
DA:304,3
DA:305,3
DA:315,42
DA:322,5
DA:329,2
DA:330,2
DA:331,1
DA:332,1
DA:336,2
DA:343,538
DA:350,5296
DA:357,5296
DA:364,2
DA:365,8
DA:373,2
DA:374,8
DA:382,1
DA:383,4
DA:391,1
DA:392,4
DA:400,1
DA:401,5
DA:409,1
DA:410,5
DA:421,1
DA:422,1
DA:430,1
DA:431,1
DA:439,1
DA:446,174
DA:447,174
DA:448,174
DA:449,174
DA:452,174
DA:453,174
DA:454,5292
DA:455,5292
DA:458,174
DA:459,174
DA:460,174
DA:461,174
DA:463,174
DA:481,1
DA:482,1
DA:485,1
DA:486,1
DA:487,3
DA:488,3
DA:492,1
DA:493,1
DA:494,3
DA:495,3
DA:499,1
DA:500,1
DA:501,3
DA:502,3
DA:506,1
DA:507,3
DA:508,3
DA:511,1
DA:517,2
DA:521,1
LF:125
LH:122
BRDA:235,0,0,1
BRDA:235,0,1,3
BRDA:249,1,0,1
BRDA:249,1,1,1
BRDA:263,2,0,1
BRDA:263,2,1,3
BRDA:286,3,0,1
BRDA:286,3,1,3
BRDA:294,4,0,3
BRDA:294,4,1,0
BRDA:330,5,0,1
BRDA:330,5,1,1
BRDA:426,6,0,1
BRDA:426,6,1,0
BRDA:462,7,0,169
BRDA:462,7,1,5
BRDA:488,8,0,3
BRDA:488,8,1,2
BRDA:494,9,0,3
BRDA:494,9,1,1
BRDA:495,10,0,3
BRDA:495,10,1,3
BRDA:501,11,0,3
BRDA:501,11,1,1
BRDA:502,12,0,3
BRDA:502,12,1,3
BRDA:512,13,0,1
BRDA:512,13,1,0
BRDA:513,14,0,1
BRDA:513,14,1,0
BRDA:516,15,0,1
BRDA:516,15,1,0
BRF:32
BRH:27
end_of_record
TN:
SF:src/core/context/core-async-context.ts
FN:62,(anonymous_0)
FN:74,(anonymous_1)
FN:81,(anonymous_2)
FN:91,(anonymous_3)
FN:98,(anonymous_4)
FN:108,(anonymous_5)
FN:115,(anonymous_6)
FN:122,(anonymous_7)
FN:131,(anonymous_8)
FN:142,(anonymous_9)
FN:155,(anonymous_10)
FN:162,(anonymous_11)
FN:169,(anonymous_12)
FN:176,(anonymous_13)
FN:183,(anonymous_14)
FN:193,(anonymous_15)
FN:200,(anonymous_16)
FN:207,(anonymous_17)
FN:217,(anonymous_18)
FN:226,(anonymous_19)
FN:233,(anonymous_20)
FN:246,(anonymous_21)
FN:253,(anonymous_22)
FN:260,(anonymous_23)
FN:267,(anonymous_24)
FN:274,(anonymous_25)
FN:281,(anonymous_26)
FN:288,(anonymous_27)
FN:295,(anonymous_28)
FN:302,(anonymous_29)
FN:309,(anonymous_30)
FN:316,(anonymous_31)
FN:323,(anonymous_32)
FN:330,(anonymous_33)
FN:337,(anonymous_34)
FN:344,(anonymous_35)
FN:351,(anonymous_36)
FN:358,(anonymous_37)
FN:365,(anonymous_38)
FN:372,(anonymous_39)
FN:379,(anonymous_40)
FN:386,(anonymous_41)
FN:393,(anonymous_42)
FN:400,(anonymous_43)
FN:407,(anonymous_44)
FN:414,(anonymous_45)
FN:421,(anonymous_46)
FN:428,(anonymous_47)
FN:435,(anonymous_48)
FN:442,(anonymous_49)
FN:449,(anonymous_50)
FN:473,(anonymous_51)
FNF:52
FNH:52
FNDA:240,(anonymous_0)
FNDA:11,(anonymous_1)
FNDA:1,(anonymous_2)
FNDA:128,(anonymous_3)
FNDA:13,(anonymous_4)
FNDA:5,(anonymous_5)
FNDA:1,(anonymous_6)
FNDA:1,(anonymous_7)
FNDA:2,(anonymous_8)
FNDA:1,(anonymous_9)
FNDA:4,(anonymous_10)
FNDA:522,(anonymous_11)
FNDA:5302,(anonymous_12)
FNDA:2,(anonymous_13)
FNDA:10603,(anonymous_14)
FNDA:7,(anonymous_15)
FNDA:9,(anonymous_16)
FNDA:10,(anonymous_17)
FNDA:1,(anonymous_18)
FNDA:5,(anonymous_19)
FNDA:3,(anonymous_20)
FNDA:1,(anonymous_21)
FNDA:28,(anonymous_22)
FNDA:1,(anonymous_23)
FNDA:24,(anonymous_24)
FNDA:1,(anonymous_25)
FNDA:17,(anonymous_26)
FNDA:1,(anonymous_27)
FNDA:20,(anonymous_28)
FNDA:1,(anonymous_29)
FNDA:9,(anonymous_30)
FNDA:1,(anonymous_31)
FNDA:8,(anonymous_32)
FNDA:1,(anonymous_33)
FNDA:3,(anonymous_34)
FNDA:1,(anonymous_35)
FNDA:2,(anonymous_36)
FNDA:1,(anonymous_37)
FNDA:2,(anonymous_38)
FNDA:1,(anonymous_39)
FNDA:7,(anonymous_40)
FNDA:1,(anonymous_41)
FNDA:2,(anonymous_42)
FNDA:1,(anonymous_43)
FNDA:2,(anonymous_44)
FNDA:1,(anonymous_45)
FNDA:6,(anonymous_46)
FNDA:9,(anonymous_47)
FNDA:12,(anonymous_48)
FNDA:7,(anonymous_49)
FNDA:10,(anonymous_50)
FNDA:2,(anonymous_51)
DA:50,3
DA:56,3
DA:63,240
DA:64,240
DA:65,240
DA:75,11
DA:82,1
DA:92,128
DA:102,13
DA:109,5
DA:116,1
DA:123,1
DA:132,2
DA:133,2
DA:134,1
DA:136,2
DA:143,1
DA:144,1
DA:156,4
DA:163,522
DA:170,5302
DA:177,2
DA:184,10603
DA:185,10598
DA:187,5
DA:194,7
DA:201,9
DA:208,10
DA:209,7
DA:211,10
DA:218,1
DA:219,1
DA:227,5
DA:234,3
DA:247,1
DA:254,28
DA:261,1
DA:268,24
DA:275,1
DA:282,17
DA:289,1
DA:296,20
DA:303,1
DA:310,9
DA:317,1
DA:324,8
DA:331,1
DA:338,3
DA:345,1
DA:352,2
DA:359,1
DA:366,2
DA:373,1
DA:380,7
DA:387,1
DA:394,2
DA:401,1
DA:408,2
DA:415,1
DA:422,6
DA:429,9
DA:436,12
DA:443,7
DA:455,10
DA:456,3
DA:458,7
DA:459,2
DA:461,5
DA:462,1
DA:464,4
DA:465,3
DA:467,1
DA:486,2
LF:73
LH:73
BRDA:62,0,0,21
BRDA:109,1,0,5
BRDA:109,1,1,4
BRDA:133,2,0,1
BRDA:133,2,1,1
BRDA:184,3,0,10598
BRDA:184,3,1,5
BRDA:208,4,0,7
BRDA:208,4,1,3
BRDA:218,5,0,1
BRDA:218,5,1,0
BRDA:227,6,0,1
BRDA:227,6,1,4
BRDA:455,7,0,3
BRDA:455,7,1,7
BRDA:458,8,0,2
BRDA:458,8,1,5
BRDA:461,9,0,1
BRDA:461,9,1,4
BRDA:464,10,0,3
BRDA:464,10,1,1
BRF:21
BRH:20
end_of_record
TN:
SF:src/core/cqrs/bus/core-command-bus.ts
FN:70,(anonymous_0)
FN:91,(anonymous_1)
FN:113,(anonymous_2)
FN:135,(anonymous_3)
FN:144,(anonymous_4)
FN:147,(anonymous_5)
FN:158,(anonymous_6)
FN:166,(anonymous_7)
FN:167,(anonymous_8)
FN:178,(anonymous_9)
FN:188,(anonymous_10)
FN:197,(anonymous_11)
FN:206,(anonymous_12)
FN:216,(anonymous_13)
FN:225,(anonymous_14)
FN:232,(anonymous_15)
FN:239,(anonymous_16)
FN:250,(anonymous_17)
FN:256,(anonymous_18)
FNF:19
FNH:19
FNDA:8,(anonymous_0)
FNDA:6,(anonymous_1)
FNDA:20,(anonymous_2)
FNDA:1,(anonymous_3)
FNDA:14,(anonymous_4)
FNDA:6,(anonymous_5)
FNDA:5,(anonymous_6)
FNDA:1,(anonymous_7)
FNDA:1,(anonymous_8)
FNDA:6,(anonymous_9)
FNDA:7,(anonymous_10)
FNDA:6,(anonymous_11)
FNDA:8,(anonymous_12)
FNDA:2,(anonymous_13)
FNDA:3,(anonymous_14)
FNDA:2,(anonymous_15)
FNDA:2,(anonymous_16)
FNDA:7,(anonymous_17)
FNDA:10,(anonymous_18)
DA:46,3
DA:59,3
DA:60,41
DA:61,41
DA:73,8
DA:74,8
DA:76,8
DA:77,1
DA:81,7
DA:91,7
DA:93,6
DA:96,5
DA:97,5
DA:98,1
DA:102,4
DA:117,20
DA:118,1
DA:123,19
DA:124,0
DA:127,19
DA:136,1
DA:146,14
DA:147,6
DA:149,14
DA:151,1
DA:154,13
DA:158,14
DA:167,1
DA:168,1
DA:169,1
DA:179,6
DA:189,7
DA:198,6
DA:207,8
DA:217,2
DA:226,3
DA:233,2
DA:240,2
DA:254,7
DA:256,7
DA:257,10
DA:258,4
DA:259,4
DA:261,6
DA:262,4
DA:266,7
LF:46
LH:45
BRDA:76,0,0,1
BRDA:76,0,1,7
BRDA:97,1,0,1
BRDA:97,1,1,4
BRDA:117,2,0,1
BRDA:117,2,1,19
BRDA:123,3,0,0
BRDA:123,3,1,19
BRDA:149,4,0,1
BRDA:149,4,1,13
BRDA:168,5,0,1
BRDA:168,5,1,0
BRDA:257,6,0,4
BRDA:257,6,1,6
BRF:14
BRH:12
end_of_record
TN:
SF:src/core/cqrs/bus/core-cqrs-bus.ts
FN:105,(anonymous_0)
FN:114,(anonymous_1)
FN:121,(anonymous_2)
FN:128,(anonymous_3)
FN:135,(anonymous_4)
FN:146,(anonymous_5)
FN:160,(anonymous_6)
FN:175,(anonymous_7)
FN:189,(anonymous_8)
FN:204,(anonymous_9)
FN:230,(anonymous_10)
FN:273,(anonymous_11)
FN:296,(anonymous_12)
FN:357,(anonymous_13)
FN:366,(anonymous_14)
FN:375,(anonymous_15)
FN:385,(anonymous_16)
FN:395,(anonymous_17)
FN:405,(anonymous_18)
FN:414,(anonymous_19)
FNF:20
FNH:20
FNDA:21,(anonymous_0)
FNDA:1,(anonymous_1)
FNDA:1,(anonymous_2)
FNDA:1,(anonymous_3)
FNDA:5,(anonymous_4)
FNDA:2,(anonymous_5)
FNDA:2,(anonymous_6)
FNDA:2,(anonymous_7)
FNDA:1,(anonymous_8)
FNDA:16,(anonymous_9)
FNDA:2,(anonymous_10)
FNDA:2,(anonymous_11)
FNDA:1,(anonymous_12)
FNDA:1,(anonymous_13)
FNDA:1,(anonymous_14)
FNDA:1,(anonymous_15)
FNDA:2,(anonymous_16)
FNDA:2,(anonymous_17)
FNDA:2,(anonymous_18)
FNDA:7,(anonymous_19)
DA:57,2
DA:102,2
DA:103,21
DA:106,21
DA:107,21
DA:108,21
DA:115,1
DA:122,1
DA:129,1
DA:136,5
DA:149,2
DA:150,1
DA:164,2
DA:165,1
DA:178,2
DA:179,1
DA:192,1
DA:193,1
DA:205,16
DA:206,1
DA:209,15
DA:216,15
DA:218,0
DA:231,2
DA:232,1
DA:235,1
DA:237,1
DA:239,1
DA:241,1
DA:244,1
DA:246,1
DA:248,1
DA:250,1
DA:253,1
DA:255,1
DA:257,1
DA:259,1
DA:262,1
DA:264,0
DA:274,2
DA:275,1
DA:278,1
DA:281,1
DA:282,1
DA:283,1
DA:285,1
DA:287,0
DA:297,1
DA:306,1
DA:320,1
DA:334,1
DA:358,1
DA:367,1
DA:376,1
DA:386,2
DA:396,2
DA:406,2
DA:415,7
DA:416,3
LF:59
LH:56
BRDA:205,0,0,1
BRDA:205,0,1,15
BRDA:231,1,0,1
BRDA:231,1,1,1
BRDA:237,2,0,1
BRDA:237,2,1,0
BRDA:244,3,0,1
BRDA:244,3,1,0
BRDA:253,4,0,1
BRDA:253,4,1,0
BRDA:274,5,0,1
BRDA:274,5,1,1
BRDA:281,6,0,1
BRDA:281,6,1,1
BRDA:282,7,0,1
BRDA:282,7,1,1
BRDA:283,8,0,1
BRDA:283,8,1,1
BRDA:285,9,0,1
BRDA:285,9,1,1
BRDA:285,9,2,1
BRDA:300,10,0,1
BRDA:300,10,1,0
BRDA:309,11,0,1
BRDA:309,11,1,0
BRDA:314,12,0,1
BRDA:314,12,1,0
BRDA:323,13,0,1
BRDA:323,13,1,0
BRDA:328,14,0,1
BRDA:328,14,1,0
BRDA:415,15,0,3
BRDA:415,15,1,4
BRF:33
BRH:25
end_of_record
TN:
SF:src/core/cqrs/bus/core-event-bus.ts
FN:96,(anonymous_0)
FN:112,(anonymous_1)
FN:119,(anonymous_2)
FN:123,(anonymous_3)
FN:130,(anonymous_4)
FN:133,(anonymous_5)
FN:192,(anonymous_6)
FN:195,(anonymous_7)
FN:205,(anonymous_8)
FN:219,(anonymous_9)
FN:229,(anonymous_10)
FN:238,(anonymous_11)
FN:241,(anonymous_12)
FN:252,(anonymous_13)
FN:260,(anonymous_14)
FN:261,(anonymous_15)
FN:272,(anonymous_16)
FN:276,(anonymous_17)
FN:289,(anonymous_18)
FN:300,(anonymous_19)
FN:322,(anonymous_20)
FN:332,(anonymous_21)
FN:353,(anonymous_22)
FN:362,(anonymous_23)
FN:369,(anonymous_24)
FN:376,(anonymous_25)
FN:383,(anonymous_26)
FN:393,(anonymous_27)
FN:395,(anonymous_28)
FN:405,(anonymous_29)
FN:407,(anonymous_30)
FN:418,(anonymous_31)
FN:449,(anonymous_32)
FN:451,(anonymous_33)
FN:461,(anonymous_34)
FN:467,(anonymous_35)
FNF:36
FNH:34
FNDA:22,(anonymous_0)
FNDA:21,(anonymous_1)
FNDA:17,(anonymous_2)
FNDA:3,(anonymous_3)
FNDA:1,(anonymous_4)
FNDA:20,(anonymous_5)
FNDA:2,(anonymous_6)
FNDA:6,(anonymous_7)
FNDA:24,(anonymous_8)
FNDA:1,(anonymous_9)
FNDA:1,(anonymous_10)
FNDA:14,(anonymous_11)
FNDA:6,(anonymous_12)
FNDA:5,(anonymous_13)
FNDA:1,(anonymous_14)
FNDA:1,(anonymous_15)
FNDA:6,(anonymous_16)
FNDA:0,(anonymous_17)
FNDA:7,(anonymous_18)
FNDA:6,(anonymous_19)
FNDA:1,(anonymous_20)
FNDA:6,(anonymous_21)
FNDA:8,(anonymous_22)
FNDA:3,(anonymous_23)
FNDA:2,(anonymous_24)
FNDA:2,(anonymous_25)
FNDA:2,(anonymous_26)
FNDA:26,(anonymous_27)
FNDA:3,(anonymous_28)
FNDA:4,(anonymous_29)
FNDA:0,(anonymous_30)
FNDA:14,(anonymous_31)
FNDA:7,(anonymous_32)
FNDA:7,(anonymous_33)
FNDA:22,(anonymous_34)
FNDA:25,(anonymous_35)
DA:56,3
DA:83,3
DA:84,47
DA:85,47
DA:86,47
DA:87,47
DA:99,22
DA:102,22
DA:112,22
DA:114,21
DA:115,21
DA:118,21
DA:119,17
DA:123,3
DA:130,21
DA:133,21
DA:134,20
DA:135,20
DA:137,3
DA:140,17
DA:143,17
DA:144,17
DA:145,0
DA:149,17
DA:150,17
DA:151,1
DA:155,16
DA:158,15
DA:159,15
DA:160,1
DA:164,14
DA:167,12
DA:173,3
DA:175,3
DA:176,3
DA:177,3
DA:182,21
DA:195,6
DA:196,2
DA:209,24
DA:210,0
DA:213,24
DA:214,24
DA:216,24
DA:219,24
DA:221,24
DA:230,1
DA:240,14
DA:241,6
DA:243,14
DA:245,1
DA:248,13
DA:252,14
DA:261,1
DA:262,1
DA:263,1
DA:273,6
DA:274,6
DA:276,0
DA:280,6
DA:290,7
DA:304,6
DA:306,6
DA:313,6
DA:314,6
DA:323,1
DA:333,6
DA:334,5
DA:335,5
DA:336,5
DA:339,1
DA:340,1
DA:341,1
DA:343,1
DA:345,1
DA:354,8
DA:363,3
DA:370,2
DA:377,2
DA:384,2
DA:394,26
DA:395,3
DA:406,4
DA:407,0
DA:422,14
DA:423,14
DA:425,14
DA:426,21
DA:427,21
DA:428,12
DA:430,9
DA:431,2
DA:434,7
DA:435,7
DA:436,7
DA:437,7
DA:451,7
DA:465,22
DA:467,22
DA:468,25
DA:469,4
DA:470,4
DA:472,21
DA:473,21
DA:477,22
LF:105
LH:101
BRDA:114,0,0,21
BRDA:114,0,1,4
BRDA:135,1,0,3
BRDA:135,1,1,17
BRDA:144,2,0,0
BRDA:144,2,1,17
BRDA:150,3,0,1
BRDA:150,3,1,16
BRDA:159,4,0,1
BRDA:159,4,1,14
BRDA:175,5,0,3
BRDA:175,5,1,0
BRDA:209,6,0,0
BRDA:209,6,1,24
BRDA:213,7,0,24
BRDA:213,7,1,23
BRDA:243,8,0,1
BRDA:243,8,1,13
BRDA:262,9,0,1
BRDA:262,9,1,0
BRDA:290,10,0,7
BRDA:290,10,1,4
BRDA:333,11,0,5
BRDA:333,11,1,1
BRDA:334,12,0,5
BRDA:334,12,1,1
BRDA:430,13,0,2
BRDA:430,13,1,7
BRDA:436,14,0,7
BRDA:436,14,1,0
BRDA:468,15,0,4
BRDA:468,15,1,21
BRF:32
BRH:27
end_of_record
TN:
SF:src/core/cqrs/bus/core-query-bus.ts
FN:76,(anonymous_0)
FN:99,(anonymous_1)
FN:137,(anonymous_2)
FN:159,(anonymous_3)
FN:170,(anonymous_4)
FN:173,(anonymous_5)
FN:184,(anonymous_6)
FN:192,(anonymous_7)
FN:193,(anonymous_8)
FN:204,(anonymous_9)
FN:214,(anonymous_10)
FN:223,(anonymous_11)
FN:232,(anonymous_12)
FN:242,(anonymous_13)
FN:251,(anonymous_14)
FN:258,(anonymous_15)
FN:265,(anonymous_16)
FN:275,(anonymous_17)
FN:299,(anonymous_18)
FN:318,(anonymous_19)
FN:329,(anonymous_20)
FN:336,(anonymous_21)
FN:350,(anonymous_22)
FN:378,(anonymous_23)
FN:384,(anonymous_24)
FNF:25
FNH:24
FNDA:16,(anonymous_0)
FNDA:14,(anonymous_1)
FNDA:24,(anonymous_2)
FNDA:1,(anonymous_3)
FNDA:14,(anonymous_4)
FNDA:6,(anonymous_5)
FNDA:5,(anonymous_6)
FNDA:1,(anonymous_7)
FNDA:1,(anonymous_8)
FNDA:6,(anonymous_9)
FNDA:7,(anonymous_10)
FNDA:6,(anonymous_11)
FNDA:8,(anonymous_12)
FNDA:2,(anonymous_13)
FNDA:3,(anonymous_14)
FNDA:2,(anonymous_15)
FNDA:2,(anonymous_16)
FNDA:14,(anonymous_17)
FNDA:9,(anonymous_18)
FNDA:1,(anonymous_19)
FNDA:2,(anonymous_20)
FNDA:0,(anonymous_21)
FNDA:4,(anonymous_22)
FNDA:15,(anonymous_23)
FNDA:18,(anonymous_24)
DA:52,3
DA:61,3
DA:62,46
DA:63,46
DA:64,46
DA:79,16
DA:80,16
DA:82,16
DA:83,1
DA:87,15
DA:99,15
DA:101,14
DA:102,14
DA:103,14
DA:104,1
DA:105,1
DA:109,13
DA:112,12
DA:113,12
DA:114,1
DA:118,11
DA:121,11
DA:122,11
DA:123,9
DA:127,12
DA:141,24
DA:142,1
DA:147,23
DA:148,0
DA:151,23
DA:160,1
DA:162,1
DA:172,14
DA:173,6
DA:175,14
DA:177,1
DA:180,13
DA:184,14
DA:193,1
DA:194,1
DA:195,1
DA:205,6
DA:215,7
DA:224,6
DA:233,8
DA:243,2
DA:252,3
DA:259,2
DA:266,2
DA:278,14
DA:279,14
DA:280,12
DA:284,2
DA:285,1
DA:286,1
DA:289,1
DA:304,9
DA:305,9
DA:307,9
DA:319,1
DA:320,0
DA:321,0
DA:330,2
DA:337,0
DA:338,0
DA:339,0
DA:340,0
DA:355,4
DA:356,4
DA:358,4
DA:359,2
DA:360,0
DA:364,4
DA:382,15
DA:384,15
DA:385,18
DA:386,4
DA:387,4
DA:389,14
DA:390,12
DA:394,15
LF:81
LH:73
BRDA:82,0,0,1
BRDA:82,0,1,15
BRDA:103,1,0,1
BRDA:103,1,1,13
BRDA:113,2,0,1
BRDA:113,2,1,11
BRDA:122,3,0,9
BRDA:122,3,1,2
BRDA:141,4,0,1
BRDA:141,4,1,23
BRDA:147,5,0,0
BRDA:147,5,1,23
BRDA:175,6,0,1
BRDA:175,6,1,13
BRDA:194,7,0,1
BRDA:194,7,1,0
BRDA:279,8,0,12
BRDA:279,8,1,2
BRDA:284,9,0,1
BRDA:284,9,1,1
BRDA:320,10,0,0
BRDA:320,10,1,0
BRDA:339,11,0,0
BRDA:339,11,1,0
BRDA:359,12,0,0
BRDA:359,12,1,2
BRDA:385,13,0,4
BRDA:385,13,1,14
BRF:28
BRH:21
end_of_record
TN:
SF:src/core/cqrs/commands/base/base-command.ts
FN:83,(anonymous_0)
FN:104,(anonymous_1)
FN:113,(anonymous_2)
FN:122,(anonymous_3)
FN:131,(anonymous_4)
FN:140,(anonymous_5)
FN:149,(anonymous_6)
FN:170,(anonymous_7)
FN:182,(anonymous_8)
FN:201,(anonymous_9)
FN:210,(anonymous_10)
FN:219,(anonymous_11)
FN:237,(anonymous_12)
FN:249,(anonymous_13)
FN:271,(anonymous_14)
FN:281,(anonymous_15)
FN:291,(anonymous_16)
FN:301,(anonymous_17)
FN:311,(anonymous_18)
FN:323,(anonymous_19)
FNF:20
FNH:15
FNDA:39,(anonymous_0)
FNDA:11,(anonymous_1)
FNDA:9,(anonymous_2)
FNDA:8,(anonymous_3)
FNDA:10,(anonymous_4)
FNDA:0,(anonymous_5)
FNDA:7,(anonymous_6)
FNDA:0,(anonymous_7)
FNDA:4,(anonymous_8)
FNDA:1,(anonymous_9)
FNDA:1,(anonymous_10)
FNDA:1,(anonymous_11)
FNDA:1,(anonymous_12)
FNDA:5,(anonymous_13)
FNDA:2,(anonymous_14)
FNDA:2,(anonymous_15)
FNDA:0,(anonymous_16)
FNDA:0,(anonymous_17)
FNDA:0,(anonymous_18)
FNDA:11,(anonymous_19)
DA:65,5
DA:67,5
DA:89,39
DA:90,39
DA:91,39
DA:92,39
DA:93,39
DA:94,39
DA:96,39
DA:105,11
DA:114,9
DA:123,8
DA:132,10
DA:141,0
DA:150,7
DA:171,0
DA:183,4
DA:184,2
DA:187,2
DA:188,0
DA:191,2
DA:202,1
DA:211,1
DA:220,1
DA:238,1
DA:250,5
DA:251,2
DA:254,3
DA:255,1
DA:257,2
DA:258,1
DA:262,1
DA:272,2
DA:282,2
DA:292,0
DA:302,0
DA:312,0
DA:324,11
DA:325,0
DA:328,11
DA:329,0
DA:332,11
DA:333,0
DA:336,11
DA:337,0
LF:45
LH:35
BRDA:86,0,0,39
BRDA:87,1,0,39
BRDA:183,2,0,2
BRDA:183,2,1,2
BRDA:183,3,0,4
BRDA:183,3,1,3
BRDA:187,4,0,0
BRDA:187,4,1,2
BRDA:250,5,0,2
BRDA:250,5,1,3
BRDA:250,6,0,5
BRDA:250,6,1,4
BRDA:254,7,0,1
BRDA:254,7,1,2
BRDA:257,8,0,1
BRDA:257,8,1,1
BRDA:324,9,0,0
BRDA:324,9,1,11
BRDA:324,10,0,11
BRDA:324,10,1,11
BRDA:328,11,0,0
BRDA:328,11,1,11
BRDA:332,12,0,0
BRDA:332,12,1,11
BRDA:336,13,0,0
BRDA:336,13,1,11
BRF:26
BRH:21
end_of_record
TN:
SF:src/core/cqrs/event-store/concurrency-error.ts
FN:49,(anonymous_0)
FN:72,(anonymous_1)
FN:92,(anonymous_2)
FN:109,(anonymous_3)
FN:130,(anonymous_4)
FN:143,(anonymous_5)
FNF:6
FNH:2
FNDA:1,(anonymous_0)
FNDA:1,(anonymous_1)
FNDA:0,(anonymous_2)
FNDA:0,(anonymous_3)
FNDA:0,(anonymous_4)
FNDA:0,(anonymous_5)
DA:40,2
DA:51,1
DA:52,1
DA:53,1
DA:55,1
DA:56,1
DA:59,1
DA:60,1
DA:77,1
DA:96,0
DA:116,0
DA:131,0
DA:144,0
LF:13
LH:9
BRDA:59,0,0,1
BRDA:59,0,1,0
BRDA:132,1,0,0
BRDA:132,1,1,0
BRDA:132,1,2,0
BRDA:144,2,0,0
BRDA:144,2,1,0
BRF:7
BRH:1
end_of_record
TN:
SF:src/core/cqrs/event-store/core-event-store.ts
FN:88,(anonymous_0)
FN:98,(anonymous_1)
FN:190,(anonymous_2)
FN:214,(anonymous_3)
FN:246,(anonymous_4)
FN:269,(anonymous_5)
FN:301,(anonymous_6)
FN:324,(anonymous_7)
FN:366,(anonymous_8)
FN:405,(anonymous_9)
FN:433,(anonymous_10)
FN:461,(anonymous_11)
FNF:12
FNH:12
FNDA:12,(anonymous_0)
FNDA:14,(anonymous_1)
FNDA:6,(anonymous_2)
FNDA:11,(anonymous_3)
FNDA:1,(anonymous_4)
FNDA:3,(anonymous_5)
FNDA:1,(anonymous_6)
FNDA:3,(anonymous_7)
FNDA:1,(anonymous_8)
FNDA:15,(anonymous_9)
FNDA:4,(anonymous_10)
FNDA:17,(anonymous_11)
DA:40,2
DA:42,2
DA:43,2
DA:45,2
DA:85,2
DA:86,12
DA:89,12
DA:90,12
DA:103,14
DA:104,1
DA:107,13
DA:108,13
DA:110,13
DA:117,13
DA:119,13
DA:122,13
DA:123,13
DA:124,1
DA:132,12
DA:133,23
DA:134,23
DA:136,23
DA:154,12
DA:156,12
DA:165,1
DA:167,1
DA:181,1
DA:194,6
DA:196,6
DA:201,6
DA:202,6
DA:211,6
DA:212,6
DA:214,11
DA:216,6
DA:223,6
DA:225,0
DA:237,0
DA:250,1
DA:252,1
DA:257,1
DA:258,1
DA:266,1
DA:267,1
DA:269,3
DA:271,1
DA:278,1
DA:280,0
DA:292,0
DA:305,1
DA:307,1
DA:312,1
DA:313,1
DA:321,1
DA:322,1
DA:324,3
DA:326,1
DA:329,1
DA:331,1
DA:339,1
DA:345,0
DA:357,0
DA:367,1
DA:369,1
DA:373,1
DA:374,1
DA:379,1
DA:385,0
DA:396,0
DA:406,15
DA:407,15
DA:412,15
DA:414,0
DA:424,0
DA:434,4
DA:435,4
DA:440,4
DA:442,0
DA:452,0
DA:462,17
DA:463,17
DA:465,17
DA:477,0
DA:489,0
LF:84
LH:70
BRDA:103,0,0,1
BRDA:103,0,1,13
BRDA:103,1,0,14
BRDA:103,1,1,14
BRDA:123,2,0,1
BRDA:123,2,1,12
BRDA:147,3,0,23
BRDA:147,3,1,0
BRDA:206,4,0,1
BRDA:206,4,1,5
BRDA:211,5,0,1
BRDA:211,5,1,5
BRDA:262,6,0,0
BRDA:262,6,1,1
BRDA:266,7,0,0
BRDA:266,7,1,1
BRDA:303,8,0,0
BRDA:316,9,0,0
BRDA:316,9,1,1
BRDA:318,10,0,0
BRDA:318,10,1,1
BRDA:321,11,0,0
BRDA:321,11,1,1
BRDA:326,12,0,1
BRDA:326,12,1,0
BRDA:412,13,0,15
BRDA:412,13,1,12
BRF:27
BRH:19
end_of_record
TN:
SF:src/core/cqrs/events/base/base-domain-event.ts
FN:85,(anonymous_0)
FN:104,(anonymous_1)
FN:113,(anonymous_2)
FN:122,(anonymous_3)
FN:131,(anonymous_4)
FN:140,(anonymous_5)
FN:149,(anonymous_6)
FN:170,(anonymous_7)
FN:182,(anonymous_8)
FN:201,(anonymous_9)
FN:210,(anonymous_10)
FN:219,(anonymous_11)
FN:237,(anonymous_12)
FN:249,(anonymous_13)
FN:271,(anonymous_14)
FN:281,(anonymous_15)
FN:291,(anonymous_16)
FN:303,(anonymous_17)
FNF:18
FNH:17
FNDA:104,(anonymous_0)
FNDA:73,(anonymous_1)
FNDA:1,(anonymous_2)
FNDA:1,(anonymous_3)
FNDA:46,(anonymous_4)
FNDA:48,(anonymous_5)
FNDA:3,(anonymous_6)
FNDA:23,(anonymous_7)
FNDA:5,(anonymous_8)
FNDA:1,(anonymous_9)
FNDA:1,(anonymous_10)
FNDA:24,(anonymous_11)
FNDA:1,(anonymous_12)
FNDA:2,(anonymous_13)
FNDA:26,(anonymous_14)
FNDA:2,(anonymous_15)
FNDA:2,(anonymous_16)
FNDA:0,(anonymous_17)
DA:67,8
DA:91,104
DA:92,104
DA:93,104
DA:94,104
DA:95,104
DA:96,104
DA:105,73
DA:114,1
DA:123,1
DA:132,46
DA:141,48
DA:150,3
DA:171,23
DA:183,5
DA:184,2
DA:187,3
DA:188,1
DA:191,2
DA:202,1
DA:211,1
DA:220,24
DA:238,1
DA:250,2
DA:251,2
DA:254,0
DA:255,0
DA:257,0
DA:258,0
DA:262,0
DA:272,26
DA:282,2
DA:292,2
DA:304,0
DA:305,0
DA:308,0
DA:309,0
DA:312,0
DA:313,0
DA:316,0
DA:317,0
DA:320,0
DA:321,0
DA:326,8
LF:44
LH:29
BRDA:89,0,0,103
BRDA:183,1,0,2
BRDA:183,1,1,3
BRDA:183,2,0,5
BRDA:183,2,1,4
BRDA:187,3,0,1
BRDA:187,3,1,2
BRDA:250,4,0,2
BRDA:250,4,1,0
BRDA:250,5,0,2
BRDA:250,5,1,1
BRDA:254,6,0,0
BRDA:254,6,1,0
BRDA:257,7,0,0
BRDA:257,7,1,0
BRDA:304,8,0,0
BRDA:304,8,1,0
BRDA:304,9,0,0
BRDA:304,9,1,0
BRDA:308,10,0,0
BRDA:308,10,1,0
BRDA:308,11,0,0
BRDA:308,11,1,0
BRDA:312,12,0,0
BRDA:312,12,1,0
BRDA:316,13,0,0
BRDA:316,13,1,0
BRDA:320,14,0,0
BRDA:320,14,1,0
BRF:29
BRH:10
end_of_record
TN:
SF:src/core/cqrs/queries/base/base-query-result.ts
FN:73,(anonymous_0)
FN:101,(anonymous_1)
FN:110,(anonymous_2)
FN:119,(anonymous_3)
FN:128,(anonymous_4)
FN:137,(anonymous_5)
FN:146,(anonymous_6)
FN:155,(anonymous_7)
FN:164,(anonymous_8)
FN:173,(anonymous_9)
FN:182,(anonymous_10)
FN:200,(anonymous_11)
FN:209,(anonymous_12)
FN:218,(anonymous_13)
FN:227,(anonymous_14)
FN:239,(anonymous_15)
FN:252,(anonymous_16)
FN:262,(anonymous_17)
FN:271,(anonymous_18)
FN:288,(anonymous_19)
FN:300,(anonymous_20)
FN:312,(anonymous_21)
FN:324,(anonymous_22)
FN:334,(anonymous_23)
FN:344,(anonymous_24)
FN:353,(anonymous_25)
FNF:26
FNH:20
FNDA:33,(anonymous_0)
FNDA:11,(anonymous_1)
FNDA:1,(anonymous_2)
FNDA:6,(anonymous_3)
FNDA:2,(anonymous_4)
FNDA:3,(anonymous_5)
FNDA:2,(anonymous_6)
FNDA:2,(anonymous_7)
FNDA:2,(anonymous_8)
FNDA:0,(anonymous_9)
FNDA:3,(anonymous_10)
FNDA:4,(anonymous_11)
FNDA:2,(anonymous_12)
FNDA:0,(anonymous_13)
FNDA:0,(anonymous_14)
FNDA:0,(anonymous_15)
FNDA:4,(anonymous_16)
FNDA:0,(anonymous_17)
FNDA:1,(anonymous_18)
FNDA:1,(anonymous_19)
FNDA:1,(anonymous_20)
FNDA:1,(anonymous_21)
FNDA:5,(anonymous_22)
FNDA:2,(anonymous_23)
FNDA:2,(anonymous_24)
FNDA:0,(anonymous_25)
DA:58,3
DA:80,33
DA:81,33
DA:82,33
DA:85,33
DA:86,33
DA:102,11
DA:111,1
DA:120,6
DA:129,2
DA:138,3
DA:147,2
DA:156,2
DA:165,2
DA:174,0
DA:183,3
DA:201,4
DA:210,2
DA:219,0
DA:228,0
DA:240,0
DA:241,0
DA:243,0
DA:253,4
DA:263,0
DA:272,1
DA:289,1
DA:301,1
DA:313,1
DA:325,5
DA:335,2
DA:345,2
DA:354,0
LF:33
LH:25
BRDA:78,0,0,23
BRDA:120,1,0,6
BRDA:120,1,1,1
BRDA:129,2,0,2
BRDA:129,2,1,0
BRDA:156,3,0,2
BRDA:156,3,1,1
BRDA:165,4,0,2
BRDA:165,4,1,1
BRDA:219,5,0,0
BRDA:219,5,1,0
BRDA:228,6,0,0
BRDA:228,6,1,0
BRDA:240,7,0,0
BRDA:240,7,1,0
BRDA:240,8,0,0
BRDA:240,8,1,0
BRF:17
BRH:8
end_of_record
TN:
SF:src/core/cqrs/queries/base/base-query.ts
FN:77,(anonymous_0)
FN:204,(anonymous_1)
FN:231,(anonymous_2)
FN:240,(anonymous_3)
FN:249,(anonymous_4)
FN:258,(anonymous_5)
FN:267,(anonymous_6)
FN:276,(anonymous_7)
FN:285,(anonymous_8)
FN:294,(anonymous_9)
FN:303,(anonymous_10)
FN:324,(anonymous_11)
FN:333,(anonymous_12)
FN:342,(anonymous_13)
FN:354,(anonymous_14)
FN:373,(anonymous_15)
FN:382,(anonymous_16)
FN:391,(anonymous_17)
FN:414,(anonymous_18)
FN:426,(anonymous_19)
FN:448,(anonymous_20)
FN:458,(anonymous_21)
FN:468,(anonymous_22)
FN:478,(anonymous_23)
FN:488,(anonymous_24)
FN:499,(anonymous_25)
FN:510,(anonymous_26)
FN:511,(anonymous_27)
FN:520,(anonymous_28)
FN:532,(anonymous_29)
FNF:30
FNH:10
FNDA:5,(anonymous_0)
FNDA:35,(anonymous_1)
FNDA:27,(anonymous_2)
FNDA:21,(anonymous_3)
FNDA:18,(anonymous_4)
FNDA:26,(anonymous_5)
FNDA:0,(anonymous_6)
FNDA:26,(anonymous_7)
FNDA:14,(anonymous_8)
FNDA:0,(anonymous_9)
FNDA:15,(anonymous_10)
FNDA:0,(anonymous_11)
FNDA:0,(anonymous_12)
FNDA:0,(anonymous_13)
FNDA:0,(anonymous_14)
FNDA:0,(anonymous_15)
FNDA:0,(anonymous_16)
FNDA:0,(anonymous_17)
FNDA:0,(anonymous_18)
FNDA:0,(anonymous_19)
FNDA:0,(anonymous_20)
FNDA:0,(anonymous_21)
FNDA:0,(anonymous_22)
FNDA:0,(anonymous_23)
FNDA:0,(anonymous_24)
FNDA:0,(anonymous_25)
FNDA:0,(anonymous_26)
FNDA:0,(anonymous_27)
FNDA:0,(anonymous_28)
FNDA:14,(anonymous_29)
DA:72,5
DA:77,5
DA:78,5
DA:79,5
DA:172,5
DA:186,5
DA:191,5
DA:213,35
DA:214,35
DA:215,35
DA:216,35
DA:217,35
DA:218,35
DA:219,35
DA:220,35
DA:221,35
DA:223,35
DA:232,27
DA:241,21
DA:250,18
DA:259,26
DA:268,0
DA:277,26
DA:286,14
DA:295,0
DA:304,15
DA:325,0
DA:334,0
DA:343,0
DA:355,0
DA:356,0
DA:359,0
DA:360,0
DA:363,0
DA:374,0
DA:383,0
DA:392,0
DA:415,0
DA:427,0
DA:428,0
DA:431,0
DA:432,0
DA:434,0
DA:435,0
DA:439,0
DA:449,0
DA:459,0
DA:469,0
DA:479,0
DA:489,0
DA:500,0
DA:501,0
DA:511,0
DA:512,0
DA:521,0
DA:533,14
DA:534,0
DA:537,14
DA:538,0
DA:541,14
DA:542,0
DA:545,14
DA:546,0
DA:549,14
DA:550,0
DA:553,14
DA:554,0
DA:557,14
DA:558,0
LF:69
LH:31
BRDA:77,0,0,5
BRDA:77,0,1,5
BRDA:207,1,0,0
BRDA:208,2,0,0
BRDA:209,3,0,35
BRDA:210,4,0,35
BRDA:211,5,0,35
BRDA:355,6,0,0
BRDA:355,6,1,0
BRDA:355,7,0,0
BRDA:355,7,1,0
BRDA:359,8,0,0
BRDA:359,8,1,0
BRDA:427,9,0,0
BRDA:427,9,1,0
BRDA:427,10,0,0
BRDA:427,10,1,0
BRDA:431,11,0,0
BRDA:431,11,1,0
BRDA:434,12,0,0
BRDA:434,12,1,0
BRDA:533,13,0,0
BRDA:533,13,1,14
BRDA:533,14,0,14
BRDA:533,14,1,14
BRDA:537,15,0,0
BRDA:537,15,1,14
BRDA:541,16,0,0
BRDA:541,16,1,14
BRDA:545,17,0,0
BRDA:545,17,1,14
BRDA:549,18,0,0
BRDA:549,18,1,14
BRDA:553,19,0,0
BRDA:553,19,1,14
BRDA:557,20,0,0
BRDA:557,20,1,14
BRF:37
BRH:14
end_of_record
TN:
SF:src/core/cqrs/sagas/core-saga-manager.ts
FN:113,(anonymous_0)
FN:120,(anonymous_1)
FN:126,(anonymous_2)
FN:131,(anonymous_3)
FN:141,(anonymous_4)
FN:161,(anonymous_5)
FN:166,(anonymous_6)
FN:173,(anonymous_7)
FN:181,(anonymous_8)
FN:206,(anonymous_9)
FN:213,(anonymous_10)
FN:231,(anonymous_11)
FN:236,(anonymous_12)
FN:237,(anonymous_13)
FN:256,(anonymous_14)
FN:263,(anonymous_15)
FN:270,(anonymous_16)
FN:287,(anonymous_17)
FN:300,(anonymous_18)
FN:307,(anonymous_19)
FN:314,(anonymous_20)
FN:322,(anonymous_21)
FN:331,(anonymous_22)
FN:336,(anonymous_23)
FN:347,(anonymous_24)
FN:383,(anonymous_25)
FN:390,(anonymous_26)
FN:397,(anonymous_27)
FN:409,(anonymous_28)
FN:424,(anonymous_29)
FN:453,(anonymous_30)
FN:505,(anonymous_31)
FN:517,(anonymous_32)
FN:539,(anonymous_33)
FN:550,(anonymous_34)
FNF:35
FNH:20
FNDA:25,(anonymous_0)
FNDA:8,(anonymous_1)
FNDA:0,(anonymous_2)
FNDA:1,(anonymous_3)
FNDA:14,(anonymous_4)
FNDA:7,(anonymous_5)
FNDA:0,(anonymous_6)
FNDA:0,(anonymous_7)
FNDA:5,(anonymous_8)
FNDA:2,(anonymous_9)
FNDA:0,(anonymous_10)
FNDA:0,(anonymous_11)
FNDA:0,(anonymous_12)
FNDA:0,(anonymous_13)
FNDA:4,(anonymous_14)
FNDA:0,(anonymous_15)
FNDA:14,(anonymous_16)
FNDA:1,(anonymous_17)
FNDA:3,(anonymous_18)
FNDA:4,(anonymous_19)
FNDA:1,(anonymous_20)
FNDA:25,(anonymous_21)
FNDA:0,(anonymous_22)
FNDA:0,(anonymous_23)
FNDA:5,(anonymous_24)
FNDA:5,(anonymous_25)
FNDA:4,(anonymous_26)
FNDA:0,(anonymous_27)
FNDA:0,(anonymous_28)
FNDA:0,(anonymous_29)
FNDA:17,(anonymous_30)
FNDA:1,(anonymous_31)
FNDA:10,(anonymous_32)
FNDA:0,(anonymous_33)
FNDA:0,(anonymous_34)
DA:56,2
DA:57,2
DA:58,2
DA:60,2
DA:61,2
DA:63,2
DA:77,2
DA:78,25
DA:79,25
DA:80,25
DA:81,25
DA:109,25
DA:114,25
DA:125,8
DA:126,0
DA:129,8
DA:130,8
DA:131,1
DA:134,7
DA:135,7
DA:141,14
DA:151,7
DA:152,7
DA:154,7
DA:160,7
DA:162,7
DA:163,7
DA:164,7
DA:167,0
DA:168,0
DA:169,0
DA:170,0
DA:171,0
DA:172,0
DA:173,0
DA:182,5
DA:183,5
DA:184,2
DA:187,3
DA:188,3
DA:189,3
DA:190,3
DA:191,3
DA:192,3
DA:194,3
DA:200,3
DA:207,2
DA:214,0
DA:215,0
DA:216,0
DA:219,0
DA:220,0
DA:221,0
DA:224,0
DA:230,0
DA:232,0
DA:233,0
DA:234,0
DA:236,0
DA:238,0
DA:248,0
DA:257,4
DA:264,0
DA:271,14
DA:272,0
DA:275,14
DA:276,14
DA:288,1
DA:289,1
DA:290,1
DA:294,1
DA:301,3
DA:308,4
DA:315,1
DA:316,1
DA:323,25
DA:324,1
DA:325,1
DA:328,24
DA:331,24
DA:332,0
DA:336,24
DA:337,0
DA:340,24
DA:341,24
DA:348,5
DA:349,1
DA:350,1
DA:353,4
DA:356,4
DA:357,4
DA:358,4
DA:361,4
DA:362,4
DA:363,4
DA:367,4
DA:368,1
DA:369,1
DA:374,4
DA:376,4
DA:377,4
DA:384,5
DA:391,4
DA:398,0
DA:399,0
DA:410,0
DA:411,0
DA:412,0
DA:418,0
DA:425,0
DA:426,0
DA:428,0
DA:429,0
DA:430,0
DA:432,0
DA:433,0
DA:437,0
DA:438,0
DA:441,0
DA:442,0
DA:457,17
DA:458,17
DA:460,17
DA:462,0
DA:463,0
DA:465,0
DA:466,0
DA:468,0
DA:469,0
DA:471,0
DA:472,0
DA:476,17
DA:480,17
DA:484,17
DA:485,17
DA:489,17
DA:491,3
DA:492,3
DA:493,3
DA:494,3
DA:499,17
DA:508,1
DA:509,1
DA:510,1
DA:511,1
DA:521,10
DA:536,10
DA:537,0
DA:538,0
DA:540,0
DA:551,0
LF:151
LH:96
BRDA:125,0,0,0
BRDA:125,0,1,8
BRDA:130,1,0,1
BRDA:130,1,1,7
BRDA:183,2,0,2
BRDA:183,2,1,3
BRDA:187,3,0,3
BRDA:187,3,1,0
BRDA:215,4,0,0
BRDA:215,4,1,0
BRDA:220,5,0,0
BRDA:220,5,1,0
BRDA:271,6,0,0
BRDA:271,6,1,14
BRDA:289,7,0,1
BRDA:289,7,1,0
BRDA:323,8,0,1
BRDA:323,8,1,24
BRDA:348,9,0,1
BRDA:348,9,1,4
BRDA:356,10,0,4
BRDA:356,10,1,0
BRDA:361,11,0,4
BRDA:361,11,1,0
BRDA:368,12,0,1
BRDA:368,12,1,0
BRDA:411,13,0,0
BRDA:411,13,1,0
BRDA:432,14,0,0
BRDA:432,14,1,0
BRDA:432,15,0,0
BRDA:432,15,1,0
BRDA:441,16,0,0
BRDA:441,16,1,0
BRDA:457,17,0,17
BRDA:457,17,1,0
BRDA:457,18,0,17
BRDA:457,18,1,17
BRDA:460,19,0,0
BRDA:460,19,1,0
BRDA:460,19,2,0
BRDA:460,19,3,0
BRDA:477,20,0,17
BRDA:477,20,1,7
BRDA:481,21,0,17
BRDA:481,21,1,17
BRDA:484,22,0,17
BRDA:484,22,1,17
BRDA:486,23,0,17
BRDA:486,23,1,7
BRDA:489,24,0,3
BRDA:489,24,1,14
BRDA:537,25,0,0
BRDA:537,25,1,0
BRF:54
BRH:28
end_of_record
TN:
SF:src/core/cqrs/sagas/core-saga.ts
FN:97,(anonymous_0)
FN:128,(anonymous_1)
FN:139,(anonymous_2)
FN:146,(anonymous_3)
FN:150,(anonymous_4)
FN:164,(anonymous_5)
FN:178,(anonymous_6)
FN:188,(anonymous_7)
FN:196,(anonymous_8)
FN:200,(anonymous_9)
FN:215,(anonymous_10)
FN:225,(anonymous_11)
FN:235,(anonymous_12)
FN:243,(anonymous_13)
FN:270,(anonymous_14)
FN:304,(anonymous_15)
FN:311,(anonymous_16)
FN:314,(anonymous_17)
FN:326,(anonymous_18)
FN:327,(anonymous_19)
FN:343,(anonymous_20)
FN:344,(anonymous_21)
FN:350,(anonymous_22)
FN:357,(anonymous_23)
FN:369,(anonymous_24)
FN:376,(anonymous_25)
FN:399,(anonymous_26)
FN:425,(anonymous_27)
FN:442,(anonymous_28)
FN:473,(anonymous_29)
FN:480,(anonymous_30)
FN:497,(anonymous_31)
FN:519,(anonymous_32)
FN:538,(anonymous_33)
FN:572,(anonymous_34)
FN:579,(anonymous_35)
FN:588,(anonymous_36)
FN:599,(anonymous_37)
FN:622,(anonymous_38)
FN:643,(anonymous_39)
FN:669,(anonymous_40)
FNF:41
FNH:22
FNDA:41,(anonymous_0)
FNDA:2,(anonymous_1)
FNDA:4,(anonymous_2)
FNDA:7,(anonymous_3)
FNDA:0,(anonymous_4)
FNDA:7,(anonymous_5)
FNDA:0,(anonymous_6)
FNDA:0,(anonymous_7)
FNDA:0,(anonymous_8)
FNDA:0,(anonymous_9)
FNDA:0,(anonymous_10)
FNDA:0,(anonymous_11)
FNDA:0,(anonymous_12)
FNDA:0,(anonymous_13)
FNDA:14,(anonymous_14)
FNDA:27,(anonymous_15)
FNDA:82,(anonymous_16)
FNDA:41,(anonymous_17)
FNDA:0,(anonymous_18)
FNDA:0,(anonymous_19)
FNDA:4,(anonymous_20)
FNDA:4,(anonymous_21)
FNDA:4,(anonymous_22)
FNDA:2,(anonymous_23)
FNDA:2,(anonymous_24)
FNDA:2,(anonymous_25)
FNDA:2,(anonymous_26)
FNDA:0,(anonymous_27)
FNDA:41,(anonymous_28)
FNDA:7,(anonymous_29)
FNDA:7,(anonymous_30)
FNDA:21,(anonymous_31)
FNDA:14,(anonymous_32)
FNDA:0,(anonymous_33)
FNDA:0,(anonymous_34)
FNDA:0,(anonymous_35)
FNDA:0,(anonymous_36)
FNDA:0,(anonymous_37)
FNDA:0,(anonymous_38)
FNDA:0,(anonymous_39)
FNDA:110,(anonymous_40)
DA:74,3
DA:75,3
DA:76,3
DA:78,3
DA:79,3
DA:92,3
DA:93,41
DA:95,41
DA:98,41
DA:99,41
DA:100,41
DA:101,41
DA:102,41
DA:103,41
DA:104,41
DA:106,41
DA:122,41
DA:129,2
DA:130,2
DA:140,4
DA:149,7
DA:150,0
DA:153,7
DA:163,7
DA:165,7
DA:179,0
DA:188,0
DA:199,0
DA:200,0
DA:203,0
DA:212,0
DA:214,0
DA:216,0
DA:226,0
DA:235,0
DA:246,0
DA:247,0
DA:250,0
DA:256,0
DA:257,0
DA:260,0
DA:261,0
DA:264,0
DA:271,14
DA:273,14
DA:274,0
DA:278,14
DA:279,0
DA:283,14
DA:284,28
DA:285,0
DA:289,14
DA:291,0
DA:297,0
DA:305,27
DA:312,82
DA:313,82
DA:314,82
DA:315,82
DA:327,0
DA:328,0
DA:329,0
DA:330,0
DA:335,0
DA:337,0
DA:344,4
DA:351,4
DA:358,2
DA:359,2
DA:370,2
DA:380,2
DA:381,2
DA:382,0
DA:388,2
DA:389,2
DA:390,2
DA:392,0
DA:403,2
DA:404,2
DA:405,0
DA:411,2
DA:412,2
DA:416,2
DA:418,0
DA:426,0
DA:427,0
DA:428,0
DA:429,0
DA:434,0
DA:436,0
DA:443,41
DA:444,41
DA:445,82
DA:476,7
DA:477,7
DA:479,7
DA:482,7
DA:486,0
DA:487,0
DA:489,7
DA:501,21
DA:502,7
DA:505,14
DA:506,14
DA:508,14
DA:515,14
DA:516,14
DA:518,14
DA:520,14
DA:521,14
DA:522,14
DA:524,14
DA:536,14
DA:539,0
DA:540,0
DA:541,0
DA:543,0
DA:556,0
DA:557,0
DA:558,0
DA:561,0
DA:562,0
DA:563,0
DA:564,0
DA:576,0
DA:579,0
DA:581,0
DA:582,0
DA:583,0
DA:584,0
DA:587,0
DA:589,0
DA:590,0
DA:591,0
DA:604,0
DA:605,0
DA:608,0
DA:609,0
DA:611,0
DA:621,0
DA:623,0
DA:624,0
DA:626,0
DA:637,0
DA:644,0
DA:657,0
DA:670,110
LF:147
LH:72
BRDA:99,0,0,0
BRDA:100,1,0,0
BRDA:102,2,0,0
BRDA:103,3,0,0
BRDA:108,4,0,41
BRDA:108,4,1,0
BRDA:149,5,0,0
BRDA:149,5,1,7
BRDA:171,6,0,0
BRDA:171,6,1,0
BRDA:199,7,0,0
BRDA:199,7,1,0
BRDA:246,8,0,0
BRDA:246,8,1,0
BRDA:260,9,0,0
BRDA:260,9,1,0
BRDA:273,10,0,0
BRDA:273,10,1,14
BRDA:273,11,0,14
BRDA:273,11,1,14
BRDA:278,12,0,0
BRDA:278,12,1,14
BRDA:284,13,0,0
BRDA:284,13,1,28
BRDA:312,14,0,82
BRDA:312,14,1,0
BRDA:328,15,0,0
BRDA:328,15,1,0
BRDA:351,16,0,4
BRDA:351,16,1,0
BRDA:381,17,0,0
BRDA:381,17,1,2
BRDA:404,18,0,0
BRDA:404,18,1,2
BRDA:427,19,0,0
BRDA:427,19,1,0
BRDA:482,20,0,0
BRDA:482,20,1,7
BRDA:483,21,0,7
BRDA:483,21,1,7
BRDA:501,22,0,7
BRDA:501,22,1,14
BRDA:556,23,0,0
BRDA:556,23,1,0
BRDA:581,24,0,0
BRDA:581,24,1,0
BRDA:604,25,0,0
BRDA:604,25,1,0
BRDA:671,26,0,110
BRDA:671,26,1,110
BRDA:671,26,2,110
BRDA:671,26,3,110
BRDA:671,26,4,110
BRDA:671,26,5,110
BRF:54
BRH:22
end_of_record
TN:
SF:src/core/decorators/command-handler.decorator.ts
FN:146,CommandHandler
FN:150,(anonymous_1)
FN:180,(anonymous_2)
FN:190,(anonymous_3)
FN:208,isCommandHandler
FN:218,getCommandType
FN:229,getCommandHandlerPriority
FN:241,supportsCommandType
FN:252,getCommandHandlerMetadata
FNF:9
FNH:9
FNDA:10,CommandHandler
FNDA:8,(anonymous_1)
FNDA:2,(anonymous_2)
FNDA:1,(anonymous_3)
FNDA:6,isCommandHandler
FNDA:6,getCommandType
FNDA:4,getCommandHandlerPriority
FNDA:6,supportsCommandType
FNDA:33,getCommandHandlerMetadata
DA:51,4
DA:54,4
DA:146,4
DA:150,10
DA:152,8
DA:153,8
DA:154,1
DA:160,7
DA:163,7
DA:171,7
DA:179,7
DA:181,2
DA:189,7
DA:191,1
DA:198,7
DA:208,4
DA:209,6
DA:218,4
DA:219,6
DA:220,6
DA:229,4
DA:230,4
DA:231,4
DA:241,4
DA:242,6
DA:243,6
DA:252,4
DA:255,33
LF:28
LH:28
BRDA:148,0,0,6
BRDA:153,1,0,1
BRDA:153,1,1,7
BRDA:172,2,0,7
BRDA:172,2,1,4
BRF:5
BRH:5
end_of_record
TN:
SF:src/core/decorators/event-handler.decorator.ts
FN:141,EventHandler
FN:145,(anonymous_1)
FN:175,(anonymous_2)
FN:185,(anonymous_3)
FN:203,isEventHandler
FN:213,getEventType
FN:224,getEventHandlerPriority
FN:236,supportsEventType
FN:247,getEventHandlerMetadata
FNF:9
FNH:9
FNDA:11,EventHandler
FNDA:10,(anonymous_1)
FNDA:2,(anonymous_2)
FNDA:1,(anonymous_3)
FNDA:6,isEventHandler
FNDA:6,getEventType
FNDA:4,getEventHandlerPriority
FNDA:6,supportsEventType
FNDA:35,getEventHandlerMetadata
DA:50,4
DA:53,4
DA:141,4
DA:145,11
DA:147,10
DA:148,10
DA:149,1
DA:155,9
DA:158,9
DA:166,9
DA:174,9
DA:176,2
DA:184,9
DA:186,1
DA:193,9
DA:203,4
DA:204,6
DA:213,4
DA:214,6
DA:215,6
DA:224,4
DA:225,4
DA:226,4
DA:236,4
DA:237,6
DA:238,6
DA:247,4
DA:250,35
LF:28
LH:28
BRDA:143,0,0,5
BRDA:148,1,0,1
BRDA:148,1,1,9
BRDA:167,2,0,9
BRDA:167,2,1,6
BRF:5
BRH:5
end_of_record
TN:
SF:src/core/decorators/metadata.constants.ts
FN:122,(anonymous_0)
FN:146,(anonymous_1)
FN:261,getMetadataKey
FN:271,getDefaultMetadata
FN:287,isValidDecoratorType
FN:297,isValidHandlerType
FN:307,getHandlerType
FN:329,getAllDecoratorTypes
FN:338,getAllHandlerTypes
FNF:9
FNH:9
FNDA:10,(anonymous_0)
FNDA:10,(anonymous_1)
FNDA:2,getMetadataKey
FNDA:1,getDefaultMetadata
FNDA:4,isValidDecoratorType
FNDA:5,isValidHandlerType
FNDA:5,getHandlerType
FNDA:1,getAllDecoratorTypes
FNDA:1,getAllHandlerTypes
DA:31,10
DA:36,10
DA:41,10
DA:46,10
DA:51,10
DA:57,10
DA:62,10
DA:67,10
DA:72,10
DA:77,10
DA:82,10
DA:87,10
DA:92,10
DA:97,10
DA:102,10
DA:107,10
DA:112,10
DA:117,10
DA:122,10
DA:123,10
DA:124,10
DA:125,10
DA:126,10
DA:127,10
DA:128,10
DA:129,10
DA:130,10
DA:131,10
DA:132,10
DA:133,10
DA:134,10
DA:135,10
DA:136,10
DA:137,10
DA:138,10
DA:139,10
DA:140,10
DA:146,10
DA:147,10
DA:148,10
DA:149,10
DA:150,10
DA:156,10
DA:180,10
DA:248,10
DA:253,10
DA:261,10
DA:262,2
DA:271,10
DA:274,1
DA:287,10
DA:288,4
DA:297,10
DA:298,5
DA:307,10
DA:310,5
DA:312,1
DA:314,1
DA:316,1
DA:318,1
DA:320,1
DA:329,10
DA:330,1
DA:338,10
DA:339,1
LF:65
LH:65
BRDA:122,0,0,10
BRDA:122,0,1,10
BRDA:146,1,0,10
BRDA:146,1,1,10
BRDA:275,2,0,1
BRDA:275,2,1,0
BRDA:310,3,0,1
BRDA:310,3,1,1
BRDA:310,3,2,1
BRDA:310,3,3,1
BRDA:310,3,4,1
BRF:11
BRH:10
end_of_record
TN:
SF:src/core/decorators/metadata.utils.ts
FN:44,setMetadata
FN:59,getMetadata
FN:73,hasMetadata
FN:84,deleteMetadata
FN:94,getMetadataKeys
FN:105,setCommandHandlerMetadata
FN:133,getCommandHandlerMetadata
FN:149,setQueryHandlerMetadata
FN:177,getQueryHandlerMetadata
FN:193,setEventHandlerMetadata
FN:223,getEventHandlerMetadata
FN:239,setSagaMetadata
FN:269,getSagaMetadata
FN:279,getAllHandlerMetadata
FN:302,isHandlerType
FN:304,(anonymous_15)
FN:313,isCommandHandler
FN:323,isQueryHandler
FN:333,isEventHandler
FN:343,isSaga
FN:354,mergeMetadata
FN:439,validateMetadata
FN:468,cloneMetadata
FN:478,getMetadataSummary
FNF:24
FNH:24
FNDA:1329,setMetadata
FNDA:1488,getMetadata
FNDA:1105,hasMetadata
FNDA:1107,deleteMetadata
FNDA:32,getMetadataKeys
FNDA:1274,setCommandHandlerMetadata
FNDA:1299,getCommandHandlerMetadata
FNDA:19,setQueryHandlerMetadata
FNDA:40,getQueryHandlerMetadata
FNDA:20,setEventHandlerMetadata
FNDA:40,getEventHandlerMetadata
FNDA:11,setSagaMetadata
FNDA:16,getSagaMetadata
FNDA:30,getAllHandlerMetadata
FNDA:27,isHandlerType
FNDA:50,(anonymous_15)
FNDA:6,isCommandHandler
FNDA:6,isQueryHandler
FNDA:6,isEventHandler
FNDA:4,isSaga
FNDA:3,mergeMetadata
FNDA:3,validateMetadata
FNDA:2,cloneMetadata
FNDA:3,getMetadataSummary
DA:27,8
DA:28,8
DA:44,8
DA:49,1329
DA:59,8
DA:63,1488
DA:73,8
DA:74,1105
DA:84,8
DA:85,1107
DA:94,8
DA:95,32
DA:105,8
DA:110,1274
DA:124,1274
DA:133,8
DA:136,1299
DA:149,8
DA:154,19
DA:168,19
DA:177,8
DA:180,40
DA:193,8
DA:198,20
DA:214,20
DA:223,8
DA:226,40
DA:239,8
DA:244,11
DA:260,11
DA:269,8
DA:270,16
DA:279,8
DA:280,30
DA:281,30
DA:283,30
DA:284,85
DA:285,85
DA:286,85
DA:287,85
DA:292,30
DA:302,8
DA:303,27
DA:304,50
DA:313,8
DA:314,6
DA:323,8
DA:324,6
DA:333,8
DA:334,6
DA:343,8
DA:344,4
DA:354,8
DA:358,3
DA:364,3
DA:365,3
DA:367,3
DA:368,1
DA:374,3
DA:375,0
DA:381,3
DA:382,0
DA:388,3
DA:389,0
DA:395,3
DA:396,0
DA:402,3
DA:403,0
DA:409,3
DA:410,0
DA:416,3
DA:417,0
DA:423,3
DA:424,1
DA:430,3
DA:439,8
DA:440,3
DA:441,1
DA:444,2
DA:445,0
DA:448,2
DA:449,0
DA:452,2
DA:456,0
DA:459,2
DA:468,8
DA:469,2
DA:478,8
DA:481,3
DA:482,3
LF:90
LH:80
BRDA:95,0,0,32
BRDA:95,0,1,0
BRDA:108,1,0,2
BRDA:152,2,0,2
BRDA:196,3,0,2
BRDA:242,4,0,1
BRDA:284,5,0,85
BRDA:284,5,1,0
BRDA:284,6,0,85
BRDA:284,6,1,85
BRDA:286,7,0,85
BRDA:286,7,1,0
BRDA:367,8,0,1
BRDA:367,8,1,2
BRDA:367,9,0,3
BRDA:367,9,1,3
BRDA:369,10,0,0
BRDA:369,10,1,1
BRDA:369,11,0,1
BRDA:369,11,1,0
BRDA:371,12,0,1
BRDA:371,12,1,0
BRDA:374,13,0,0
BRDA:374,13,1,3
BRDA:374,14,0,3
BRDA:374,14,1,3
BRDA:376,15,0,0
BRDA:376,15,1,0
BRDA:376,16,0,0
BRDA:376,16,1,0
BRDA:378,17,0,0
BRDA:378,17,1,0
BRDA:381,18,0,0
BRDA:381,18,1,3
BRDA:381,19,0,3
BRDA:381,19,1,3
BRDA:383,20,0,0
BRDA:383,20,1,0
BRDA:383,21,0,0
BRDA:383,21,1,0
BRDA:385,22,0,0
BRDA:385,22,1,0
BRDA:388,23,0,0
BRDA:388,23,1,3
BRDA:388,24,0,3
BRDA:388,24,1,3
BRDA:390,25,0,0
BRDA:390,25,1,0
BRDA:390,26,0,0
BRDA:390,26,1,0
BRDA:392,27,0,0
BRDA:392,27,1,0
BRDA:395,28,0,0
BRDA:395,28,1,3
BRDA:395,29,0,3
BRDA:395,29,1,3
BRDA:397,30,0,0
BRDA:397,30,1,0
BRDA:397,31,0,0
BRDA:397,31,1,0
BRDA:399,32,0,0
BRDA:399,32,1,0
BRDA:402,33,0,0
BRDA:402,33,1,3
BRDA:402,34,0,3
BRDA:402,34,1,3
BRDA:404,35,0,0
BRDA:404,35,1,0
BRDA:404,36,0,0
BRDA:404,36,1,0
BRDA:406,37,0,0
BRDA:406,37,1,0
BRDA:409,38,0,0
BRDA:409,38,1,3
BRDA:409,39,0,3
BRDA:409,39,1,3
BRDA:411,40,0,0
BRDA:411,40,1,0
BRDA:411,41,0,0
BRDA:411,41,1,0
BRDA:413,42,0,0
BRDA:413,42,1,0
BRDA:416,43,0,0
BRDA:416,43,1,3
BRDA:416,44,0,3
BRDA:416,44,1,3
BRDA:418,45,0,0
BRDA:418,45,1,0
BRDA:418,46,0,0
BRDA:418,46,1,0
BRDA:420,47,0,0
BRDA:420,47,1,0
BRDA:423,48,0,1
BRDA:423,48,1,2
BRDA:423,49,0,3
BRDA:423,49,1,3
BRDA:425,50,0,0
BRDA:425,50,1,1
BRDA:425,51,0,1
BRDA:425,51,1,0
BRDA:427,52,0,1
BRDA:427,52,1,0
BRDA:440,53,0,1
BRDA:440,53,1,2
BRDA:440,54,0,3
BRDA:440,54,1,2
BRDA:440,54,2,2
BRDA:444,55,0,0
BRDA:444,55,1,2
BRDA:448,56,0,0
BRDA:448,56,1,2
BRDA:448,57,0,2
BRDA:448,57,1,2
BRDA:452,58,0,0
BRDA:452,58,1,2
BRDA:453,59,0,2
BRDA:453,59,1,0
BRDA:453,59,2,0
BRF:118
BRH:55
end_of_record
TN:
SF:src/core/decorators/query-handler.decorator.ts
FN:152,QueryHandler
FN:156,(anonymous_1)
FN:188,(anonymous_2)
FN:198,(anonymous_3)
FN:216,isQueryHandler
FN:226,getQueryType
FN:237,getQueryHandlerPriority
FN:249,supportsQueryType
FN:260,getQueryHandlerMetadata
FNF:9
FNH:9
FNDA:10,QueryHandler
FNDA:9,(anonymous_1)
FNDA:2,(anonymous_2)
FNDA:1,(anonymous_3)
FNDA:6,isQueryHandler
FNDA:6,getQueryType
FNDA:4,getQueryHandlerPriority
FNDA:6,supportsQueryType
FNDA:36,getQueryHandlerMetadata
DA:56,4
DA:60,4
DA:152,4
DA:156,10
DA:160,9
DA:161,9
DA:162,1
DA:168,8
DA:171,8
DA:179,8
DA:187,8
DA:189,2
DA:197,8
DA:199,1
DA:206,8
DA:216,4
DA:217,6
DA:226,4
DA:227,6
DA:228,6
DA:237,4
DA:238,4
DA:239,4
DA:249,4
DA:250,6
DA:251,6
DA:260,4
DA:263,36
LF:28
LH:28
BRDA:155,0,0,5
BRDA:161,1,0,1
BRDA:161,1,1,8
BRDA:180,2,0,8
BRDA:180,2,1,5
BRF:5
BRH:5
end_of_record
TN:
SF:src/core/decorators/saga.decorator.ts
FN:234,Saga
FN:238,(anonymous_1)
FN:268,(anonymous_2)
FN:278,(anonymous_3)
FN:296,isSaga
FN:306,getSagaType
FN:317,getSagaPriority
FN:329,supportsSagaType
FN:340,getSagaMetadata
FNF:9
FNH:8
FNDA:2,Saga
FNDA:1,(anonymous_1)
FNDA:0,(anonymous_2)
FNDA:1,(anonymous_3)
FNDA:4,isSaga
FNDA:3,getSagaType
FNDA:1,getSagaPriority
FNDA:3,supportsSagaType
FNDA:12,getSagaMetadata
DA:65,4
DA:67,4
DA:234,4
DA:238,2
DA:240,1
DA:241,1
DA:242,0
DA:248,1
DA:251,1
DA:259,1
DA:267,1
DA:269,0
DA:277,1
DA:279,1
DA:286,1
DA:296,4
DA:297,4
DA:306,4
DA:307,3
DA:308,3
DA:317,4
DA:318,1
DA:319,1
DA:329,4
DA:330,3
DA:331,3
DA:340,4
DA:341,12
LF:28
LH:26
BRDA:236,0,0,2
BRDA:241,1,0,0
BRDA:241,1,1,1
BRDA:260,2,0,1
BRDA:260,2,1,1
BRF:5
BRH:4
end_of_record
TN:
SF:src/core/entities/base/audit-info.ts
FN:258,(anonymous_0)
FN:269,(anonymous_1)
FN:280,(anonymous_2)
FN:291,(anonymous_3)
FN:305,(anonymous_4)
FN:324,(anonymous_5)
FN:334,(anonymous_6)
FNF:7
FNH:7
FNDA:12,(anonymous_0)
FNDA:4,(anonymous_1)
FNDA:6,(anonymous_2)
FNDA:6,(anonymous_3)
FNDA:13,(anonymous_4)
FNDA:3,(anonymous_5)
FNDA:30,(anonymous_6)
DA:249,2
DA:250,23
DA:259,12
DA:260,12
DA:270,4
DA:271,4
DA:281,6
DA:282,6
DA:292,6
DA:293,6
DA:311,13
DA:312,13
DA:313,13
DA:314,13
DA:315,13
DA:325,3
DA:326,3
DA:335,30
DA:337,30
LF:19
LH:19
BRDA:312,0,0,13
BRDA:312,0,1,11
BRDA:313,1,0,13
BRDA:313,1,1,11
BRDA:314,2,0,13
BRDA:314,2,1,7
BRDA:339,3,0,10
BRDA:339,3,1,20
BRDA:343,4,0,4
BRDA:343,4,1,26
BRDA:345,5,0,7
BRDA:345,5,1,19
BRDA:353,6,0,5
BRDA:353,6,1,25
BRDA:357,7,0,5
BRDA:357,7,1,25
BRDA:358,8,0,30
BRDA:358,8,1,17
BRDA:359,9,0,30
BRDA:359,9,1,28
BRDA:360,10,0,30
BRDA:360,10,1,28
BRDA:361,11,0,30
BRDA:361,11,1,24
BRDA:362,12,0,30
BRDA:362,12,1,27
BRF:26
BRH:26
end_of_record
TN:
SF:src/core/entities/base/base-aggregate-root.ts
FN:106,(anonymous_0)
FN:115,(anonymous_1)
FN:124,(anonymous_2)
FN:136,(anonymous_3)
FN:152,(anonymous_4)
FN:173,(anonymous_5)
FN:184,(anonymous_6)
FN:193,(anonymous_7)
FN:202,(anonymous_8)
FN:212,(anonymous_9)
FN:213,(anonymous_10)
FN:222,(anonymous_11)
FN:223,(anonymous_12)
FN:232,(anonymous_13)
FN:233,(anonymous_14)
FN:242,(anonymous_15)
FN:243,(anonymous_16)
FN:251,(anonymous_17)
FN:264,(anonymous_18)
FN:277,(anonymous_19)
FN:286,(anonymous_20)
FN:298,(anonymous_21)
FN:311,(anonymous_22)
FN:324,(anonymous_23)
FN:338,(anonymous_24)
FN:352,(anonymous_25)
FNF:26
FNH:23
FNDA:19,(anonymous_0)
FNDA:1,(anonymous_1)
FNDA:0,(anonymous_2)
FNDA:36,(anonymous_3)
FNDA:1,(anonymous_4)
FNDA:2,(anonymous_5)
FNDA:2,(anonymous_6)
FNDA:6,(anonymous_7)
FNDA:4,(anonymous_8)
FNDA:2,(anonymous_9)
FNDA:6,(anonymous_10)
FNDA:2,(anonymous_11)
FNDA:6,(anonymous_12)
FNDA:4,(anonymous_13)
FNDA:9,(anonymous_14)
FNDA:2,(anonymous_15)
FNDA:3,(anonymous_16)
FNDA:1,(anonymous_17)
FNDA:1,(anonymous_18)
FNDA:12,(anonymous_19)
FNDA:8,(anonymous_20)
FNDA:15,(anonymous_21)
FNDA:0,(anonymous_22)
FNDA:0,(anonymous_23)
FNDA:1,(anonymous_24)
FNDA:1,(anonymous_25)
DA:91,2
DA:96,2
DA:97,19
DA:98,19
DA:107,19
DA:116,1
DA:125,0
DA:137,36
DA:138,2
DA:141,34
DA:142,34
DA:153,1
DA:154,0
DA:157,1
DA:158,1
DA:159,1
DA:162,1
DA:163,1
DA:164,1
DA:174,2
DA:175,2
DA:185,2
DA:194,6
DA:203,4
DA:213,6
DA:223,6
DA:233,9
DA:243,3
DA:252,1
DA:253,0
DA:256,1
DA:265,1
DA:266,0
DA:269,1
DA:278,12
DA:287,8
DA:299,15
DA:325,0
DA:327,0
DA:328,0
DA:329,0
DA:339,1
DA:353,1
LF:43
LH:35
BRDA:137,0,0,2
BRDA:137,0,1,34
BRDA:153,1,0,0
BRDA:153,1,1,1
BRDA:158,2,0,1
BRDA:158,2,1,0
BRDA:163,3,0,1
BRDA:163,3,1,0
BRDA:252,4,0,0
BRDA:252,4,1,1
BRDA:265,5,0,0
BRDA:265,5,1,1
BRF:12
BRH:7
end_of_record
TN:
SF:src/core/entities/base/base-entity.ts
FN:83,(anonymous_0)
FN:93,(anonymous_1)
FN:102,(anonymous_2)
FN:111,(anonymous_3)
FN:120,(anonymous_4)
FN:129,(anonymous_5)
FN:138,(anonymous_6)
FN:147,(anonymous_7)
FN:156,(anonymous_8)
FN:165,(anonymous_9)
FN:174,(anonymous_10)
FN:183,(anonymous_11)
FN:195,(anonymous_12)
FN:214,(anonymous_13)
FN:223,(anonymous_14)
FN:232,(anonymous_15)
FN:245,(anonymous_16)
FN:257,(anonymous_17)
FN:271,(anonymous_18)
FN:303,(anonymous_19)
FN:316,(anonymous_20)
FNF:21
FNH:21
FNDA:62,(anonymous_0)
FNDA:20,(anonymous_1)
FNDA:11,(anonymous_2)
FNDA:1,(anonymous_3)
FNDA:2,(anonymous_4)
FNDA:1,(anonymous_5)
FNDA:37,(anonymous_6)
FNDA:37,(anonymous_7)
FNDA:1,(anonymous_8)
FNDA:2,(anonymous_9)
FNDA:2,(anonymous_10)
FNDA:1,(anonymous_11)
FNDA:5,(anonymous_12)
FNDA:1,(anonymous_13)
FNDA:1,(anonymous_14)
FNDA:2,(anonymous_15)
FNDA:1,(anonymous_16)
FNDA:3,(anonymous_17)
FNDA:62,(anonymous_18)
FNDA:15,(anonymous_19)
FNDA:2,(anonymous_20)
DA:73,3
DA:84,62
DA:85,62
DA:94,20
DA:103,11
DA:112,1
DA:121,2
DA:130,1
DA:139,37
DA:148,37
DA:157,1
DA:166,2
DA:175,2
DA:184,1
DA:196,5
DA:197,2
DA:200,3
DA:201,1
DA:204,2
DA:215,1
DA:224,1
DA:233,2
DA:246,1
DA:258,3
DA:259,2
DA:262,1
DA:272,62
DA:274,62
DA:317,2
DA:318,0
DA:321,2
DA:322,1
LF:32
LH:31
BRDA:196,0,0,2
BRDA:196,0,1,3
BRDA:196,1,0,5
BRDA:196,1,1,4
BRDA:200,2,0,1
BRDA:200,2,1,2
BRDA:258,3,0,2
BRDA:258,3,1,1
BRDA:258,4,0,3
BRDA:258,4,1,2
BRDA:275,5,0,62
BRDA:275,5,1,2
BRDA:277,6,0,62
BRDA:277,6,1,61
BRDA:277,6,2,2
BRDA:283,7,0,60
BRDA:283,7,1,2
BRDA:286,8,0,62
BRDA:286,8,1,21
BRDA:287,9,0,62
BRDA:287,9,1,61
BRDA:288,10,0,62
BRDA:288,10,1,61
BRDA:289,11,0,62
BRDA:289,11,1,61
BRDA:290,12,0,62
BRDA:290,12,1,61
BRDA:291,13,0,62
BRDA:291,13,1,62
BRDA:317,14,0,0
BRDA:317,14,1,2
BRDA:317,15,0,2
BRDA:317,15,1,2
BRDA:321,16,0,1
BRDA:321,16,1,1
BRDA:321,17,0,2
BRDA:321,17,1,1
BRF:37
BRH:36
end_of_record
TN:
SF:src/core/entities/value-objects/base-value-object.ts
FN:62,(anonymous_0)
FN:83,(anonymous_1)
FN:95,(anonymous_2)
FN:106,(anonymous_3)
FN:117,(anonymous_4)
FN:130,(anonymous_5)
FN:141,(anonymous_6)
FN:153,(anonymous_7)
FN:162,(anonymous_8)
FN:175,(anonymous_9)
FNF:10
FNH:8
FNDA:9,(anonymous_0)
FNDA:0,(anonymous_1)
FNDA:1,(anonymous_2)
FNDA:1,(anonymous_3)
FNDA:1,(anonymous_4)
FNDA:3,(anonymous_5)
FNDA:1,(anonymous_6)
FNDA:0,(anonymous_7)
FNDA:6,(anonymous_8)
FNDA:4,(anonymous_9)
DA:52,2
DA:63,9
DA:64,2
DA:67,7
DA:68,1
DA:71,6
DA:84,0
DA:96,1
DA:107,1
DA:118,1
DA:131,3
DA:142,1
DA:163,6
DA:176,4
DA:177,2
DA:180,2
DA:181,2
DA:183,2
DA:184,0
DA:186,2
DA:187,1
DA:189,1
LF:22
LH:20
BRDA:63,0,0,2
BRDA:63,0,1,7
BRDA:63,1,0,9
BRDA:63,1,1,8
BRDA:67,2,0,1
BRDA:67,2,1,6
BRDA:176,3,0,2
BRDA:176,3,1,2
BRDA:176,4,0,4
BRDA:176,4,1,3
BRDA:183,5,0,0
BRDA:183,5,1,2
BRDA:186,6,0,1
BRDA:186,6,1,1
BRF:14
BRH:13
end_of_record
TN:
SF:src/core/entities/value-objects/entity-id.ts
FN:60,(anonymous_0)
FN:72,(anonymous_1)
FN:83,(anonymous_2)
FN:94,(anonymous_3)
FN:104,(anonymous_4)
FN:123,(anonymous_5)
FN:140,(anonymous_6)
FN:149,(anonymous_7)
FN:160,(anonymous_8)
FN:169,(anonymous_9)
FN:178,(anonymous_10)
FN:187,(anonymous_11)
FN:199,(anonymous_12)
FNF:13
FNH:13
FNDA:396,(anonymous_0)
FNDA:5,(anonymous_1)
FNDA:356,(anonymous_2)
FNDA:39,(anonymous_3)
FNDA:402,(anonymous_4)
FNDA:22,(anonymous_5)
FNDA:161,(anonymous_6)
FNDA:1,(anonymous_7)
FNDA:6,(anonymous_8)
FNDA:28,(anonymous_9)
FNDA:1,(anonymous_10)
FNDA:1,(anonymous_11)
FNDA:5,(anonymous_12)
DA:45,18
DA:51,18
DA:61,396
DA:62,4
DA:64,392
DA:73,5
DA:84,356
DA:95,39
DA:105,402
DA:106,3
DA:109,399
DA:110,3
DA:114,396
DA:124,22
DA:125,2
DA:128,20
DA:129,0
DA:132,20
DA:141,161
DA:150,1
DA:161,6
DA:170,28
DA:179,1
DA:188,1
DA:200,5
DA:201,2
DA:203,3
DA:204,1
DA:206,2
LF:29
LH:28
BRDA:61,0,0,4
BRDA:61,0,1,392
BRDA:105,1,0,3
BRDA:105,1,1,399
BRDA:105,2,0,402
BRDA:105,2,1,399
BRDA:109,3,0,3
BRDA:109,3,1,396
BRDA:124,4,0,2
BRDA:124,4,1,20
BRDA:124,5,0,22
BRDA:124,5,1,21
BRDA:128,6,0,0
BRDA:128,6,1,20
BRDA:170,7,0,28
BRDA:170,7,1,28
BRDA:200,8,0,2
BRDA:200,8,1,3
BRDA:203,9,0,1
BRDA:203,9,1,2
BRF:20
BRH:19
end_of_record
TN:
SF:src/core/error-handling/core-error-bus.ts
FN:79,(anonymous_0)
FN:136,(anonymous_1)
FN:182,(anonymous_2)
FN:194,(anonymous_3)
FN:208,(anonymous_4)
FN:220,(anonymous_5)
FN:234,(anonymous_6)
FN:246,(anonymous_7)
FN:260,(anonymous_8)
FN:272,(anonymous_9)
FN:286,(anonymous_10)
FN:294,(anonymous_11)
FN:303,(anonymous_12)
FN:314,(anonymous_13)
FN:338,(anonymous_14)
FN:345,(anonymous_15)
FN:353,(anonymous_16)
FN:360,(anonymous_17)
FN:370,(anonymous_18)
FN:405,(anonymous_19)
FN:426,(anonymous_20)
FN:461,(anonymous_21)
FN:510,(anonymous_22)
FN:513,(anonymous_23)
FN:543,(anonymous_24)
FN:546,(anonymous_25)
FN:583,(anonymous_26)
FN:590,(anonymous_27)
FN:627,(anonymous_28)
FN:660,(anonymous_29)
FN:672,(anonymous_30)
FNF:31
FNH:26
FNDA:47,(anonymous_0)
FNDA:1679,(anonymous_1)
FNDA:2,(anonymous_2)
FNDA:2,(anonymous_3)
FNDA:2,(anonymous_4)
FNDA:1,(anonymous_5)
FNDA:2,(anonymous_6)
FNDA:1,(anonymous_7)
FNDA:2,(anonymous_8)
FNDA:1,(anonymous_9)
FNDA:6,(anonymous_10)
FNDA:34,(anonymous_11)
FNDA:0,(anonymous_12)
FNDA:34,(anonymous_13)
FNDA:4,(anonymous_14)
FNDA:2,(anonymous_15)
FNDA:3,(anonymous_16)
FNDA:1678,(anonymous_17)
FNDA:0,(anonymous_18)
FNDA:1678,(anonymous_19)
FNDA:33,(anonymous_20)
FNDA:378,(anonymous_21)
FNDA:378,(anonymous_22)
FNDA:0,(anonymous_23)
FNDA:378,(anonymous_24)
FNDA:0,(anonymous_25)
FNDA:378,(anonymous_26)
FNDA:0,(anonymous_27)
FNDA:1678,(anonymous_28)
FNDA:6,(anonymous_29)
FNDA:378,(anonymous_30)
DA:55,2
DA:57,2
DA:58,2
DA:59,2
DA:78,2
DA:79,47
DA:80,47
DA:81,47
DA:82,47
DA:83,47
DA:84,47
DA:85,47
DA:117,47
DA:119,47
DA:140,1679
DA:141,1
DA:145,1
DA:146,1
DA:149,1678
DA:150,1678
DA:157,1678
DA:168,1678
DA:171,1678
DA:173,1678
DA:176,1678
DA:183,2
DA:184,2
DA:195,2
DA:196,2
DA:197,1
DA:209,2
DA:210,2
DA:221,1
DA:222,1
DA:223,1
DA:235,2
DA:236,2
DA:247,1
DA:248,1
DA:249,1
DA:261,2
DA:262,2
DA:273,1
DA:274,1
DA:275,1
DA:287,6
DA:288,6
DA:295,34
DA:296,1
DA:297,1
DA:300,33
DA:303,33
DA:304,0
DA:307,33
DA:308,33
DA:315,34
DA:316,1
DA:317,1
DA:320,33
DA:323,33
DA:324,33
DA:325,33
DA:329,33
DA:331,33
DA:332,33
DA:339,4
DA:346,2
DA:347,2
DA:354,3
DA:364,1678
DA:365,0
DA:369,1678
DA:370,0
DA:373,1678
DA:374,0
DA:375,0
DA:376,0
DA:377,0
DA:385,0
DA:387,0
DA:399,1678
DA:406,1678
DA:427,33
DA:428,6
DA:431,27
DA:435,27
DA:437,27
DA:441,27
DA:442,378
DA:443,378
DA:445,0
DA:462,378
DA:463,378
DA:465,378
DA:467,378
DA:469,378
DA:472,378
DA:473,378
DA:477,378
DA:478,378
DA:481,378
DA:482,378
DA:484,378
DA:485,378
DA:487,378
DA:493,0
DA:494,0
DA:496,0
DA:503,378
DA:512,378
DA:513,0
DA:516,378
DA:517,0
DA:518,0
DA:519,0
DA:520,0
DA:521,0
DA:527,0
DA:545,378
DA:546,0
DA:549,378
DA:550,0
DA:551,0
DA:552,0
DA:553,0
DA:554,0
DA:555,0
DA:556,0
DA:558,0
DA:560,0
DA:566,0
DA:567,0
DA:584,378
DA:585,378
DA:589,0
DA:590,0
DA:593,0
DA:594,0
DA:595,0
DA:596,0
DA:597,0
DA:598,0
DA:599,0
DA:600,0
DA:602,0
DA:604,0
DA:610,0
DA:611,0
DA:628,1678
DA:629,1678
DA:632,1678
DA:633,1678
DA:636,1678
DA:637,1678
DA:641,1678
DA:642,5
DA:643,5
DA:648,1678
DA:649,2
DA:650,2
DA:654,1678
DA:663,6
DA:664,6
DA:665,6
DA:666,6
DA:673,378
DA:674,378
DA:675,378
LF:168
LH:122
BRDA:140,0,0,1
BRDA:140,0,1,1678
BRDA:196,1,0,1
BRDA:196,1,1,1
BRDA:222,2,0,1
BRDA:222,2,1,0
BRDA:248,3,0,1
BRDA:248,3,1,0
BRDA:274,4,0,1
BRDA:274,4,1,0
BRDA:295,5,0,1
BRDA:295,5,1,33
BRDA:315,6,0,1
BRDA:315,6,1,33
BRDA:323,7,0,33
BRDA:323,7,1,0
BRDA:364,8,0,0
BRDA:364,8,1,1678
BRDA:374,9,0,0
BRDA:374,9,1,0
BRDA:427,10,0,6
BRDA:427,10,1,27
BRDA:472,11,0,378
BRDA:472,11,1,0
BRDA:477,12,0,378
BRDA:477,12,1,0
BRDA:517,13,0,0
BRDA:517,13,1,0
BRDA:550,14,0,0
BRDA:550,14,1,0
BRDA:555,15,0,0
BRDA:555,15,1,0
BRDA:584,16,0,378
BRDA:584,16,1,0
BRDA:594,17,0,0
BRDA:594,17,1,0
BRDA:599,18,0,0
BRDA:599,18,1,0
BRDA:633,19,0,1678
BRDA:633,19,1,27
BRDA:638,20,0,1678
BRDA:638,20,1,27
BRDA:641,21,0,5
BRDA:641,21,1,1673
BRDA:644,22,0,5
BRDA:644,22,1,5
BRDA:648,23,0,2
BRDA:648,23,1,1676
BRDA:651,24,0,2
BRDA:651,24,1,2
BRF:50
BRH:30
end_of_record
TN:
SF:src/core/error-handling/core-exception-filter.ts
FN:146,(anonymous_0)
FN:154,(anonymous_1)
FN:212,(anonymous_2)
FN:219,(anonymous_3)
FN:270,(anonymous_4)
FN:287,(anonymous_5)
FN:301,(anonymous_6)
FN:317,(anonymous_7)
FN:333,(anonymous_8)
FN:352,(anonymous_9)
FN:371,(anonymous_10)
FN:392,(anonymous_11)
FN:414,(anonymous_12)
FN:464,(anonymous_13)
FN:496,(anonymous_14)
FN:523,(anonymous_15)
FNF:16
FNH:15
FNDA:12,(anonymous_0)
FNDA:112,(anonymous_1)
FNDA:112,(anonymous_2)
FNDA:112,(anonymous_3)
FNDA:112,(anonymous_4)
FNDA:3,(anonymous_5)
FNDA:112,(anonymous_6)
FNDA:112,(anonymous_7)
FNDA:112,(anonymous_8)
FNDA:112,(anonymous_9)
FNDA:112,(anonymous_10)
FNDA:112,(anonymous_11)
FNDA:110,(anonymous_12)
FNDA:1,(anonymous_13)
FNDA:0,(anonymous_14)
FNDA:1,(anonymous_15)
DA:49,2
DA:59,2
DA:145,2
DA:147,12
DA:148,12
DA:155,112
DA:156,112
DA:158,112
DA:171,112
DA:173,112
DA:187,112
DA:189,1
DA:198,112
DA:199,110
DA:200,2
DA:201,1
DA:202,1
DA:203,0
DA:205,1
DA:213,112
DA:223,112
DA:231,112
DA:232,3
DA:233,3
DA:237,112
DA:238,110
DA:239,110
DA:259,112
DA:262,112
DA:264,112
DA:271,112
DA:272,112
DA:274,110
DA:276,1
DA:278,0
DA:280,1
DA:288,3
DA:289,3
DA:290,0
DA:295,3
DA:302,112
DA:303,112
DA:304,110
DA:305,110
DA:311,2
DA:318,112
DA:319,112
DA:320,110
DA:321,110
DA:327,2
DA:334,112
DA:335,112
DA:336,110
DA:337,110
DA:341,110
DA:346,2
DA:353,112
DA:354,112
DA:355,110
DA:356,110
DA:360,110
DA:365,2
DA:372,112
DA:373,112
DA:374,110
DA:375,110
DA:376,110
DA:386,2
DA:395,112
DA:397,110
DA:399,0
DA:401,1
DA:403,0
DA:405,1
DA:407,0
DA:419,110
DA:421,110
DA:422,110
DA:423,110
DA:425,110
DA:426,3
DA:427,3
DA:428,3
DA:429,3
DA:430,0
DA:431,0
DA:432,0
DA:433,0
DA:436,107
DA:439,110
DA:453,110
DA:469,1
DA:470,1
DA:471,0
DA:480,0
DA:481,0
DA:484,1
DA:501,0
DA:504,0
DA:511,0
DA:528,1
LF:101
LH:85
BRDA:198,0,0,110
BRDA:198,0,1,2
BRDA:200,1,0,1
BRDA:200,1,1,1
BRDA:202,2,0,0
BRDA:202,2,1,1
BRDA:231,3,0,3
BRDA:231,3,1,109
BRDA:237,4,0,110
BRDA:237,4,1,2
BRDA:272,5,0,110
BRDA:272,5,1,1
BRDA:272,5,2,0
BRDA:272,5,3,1
BRDA:289,6,0,0
BRDA:289,6,1,3
BRDA:289,7,0,3
BRDA:289,7,1,0
BRDA:291,8,0,0
BRDA:291,8,1,0
BRDA:303,9,0,110
BRDA:303,9,1,2
BRDA:319,10,0,110
BRDA:319,10,1,2
BRDA:335,11,0,110
BRDA:335,11,1,2
BRDA:341,12,0,110
BRDA:341,12,1,110
BRDA:354,13,0,110
BRDA:354,13,1,2
BRDA:373,14,0,110
BRDA:373,14,1,2
BRDA:377,15,0,110
BRDA:377,15,1,0
BRDA:377,15,2,0
BRDA:395,16,0,110
BRDA:395,16,1,0
BRDA:395,16,2,1
BRDA:395,16,3,0
BRDA:395,16,4,1
BRDA:395,16,5,0
BRDA:425,17,0,3
BRDA:425,17,1,107
BRDA:428,18,0,3
BRDA:428,18,1,0
BRDA:430,19,0,0
BRDA:430,19,1,0
BRDA:430,20,0,0
BRDA:430,20,1,0
BRDA:432,21,0,0
BRDA:432,21,1,0
BRDA:433,22,0,0
BRDA:433,22,1,0
BRDA:446,23,0,110
BRDA:446,23,1,0
BRDA:480,24,0,0
BRDA:480,24,1,0
BRDA:480,25,0,0
BRDA:480,25,1,0
BRF:59
BRH:34
end_of_record
TN:
SF:src/core/error-handling/error-classifiers.ts
FN:29,(anonymous_0)
FN:34,(anonymous_1)
FN:95,(anonymous_2)
FN:122,(anonymous_3)
FN:136,(anonymous_4)
FN:141,(anonymous_5)
FN:199,(anonymous_6)
FN:223,(anonymous_7)
FN:237,(anonymous_8)
FN:242,(anonymous_9)
FN:302,(anonymous_10)
FN:326,(anonymous_11)
FN:340,(anonymous_12)
FN:345,(anonymous_13)
FN:408,(anonymous_14)
FN:438,(anonymous_15)
FN:452,(anonymous_16)
FN:457,(anonymous_17)
FN:515,(anonymous_18)
FN:542,(anonymous_19)
FN:556,(anonymous_20)
FN:561,(anonymous_21)
FN:619,(anonymous_22)
FN:646,(anonymous_23)
FNF:24
FNH:0
FNDA:0,(anonymous_0)
FNDA:0,(anonymous_1)
FNDA:0,(anonymous_2)
FNDA:0,(anonymous_3)
FNDA:0,(anonymous_4)
FNDA:0,(anonymous_5)
FNDA:0,(anonymous_6)
FNDA:0,(anonymous_7)
FNDA:0,(anonymous_8)
FNDA:0,(anonymous_9)
FNDA:0,(anonymous_10)
FNDA:0,(anonymous_11)
FNDA:0,(anonymous_12)
FNDA:0,(anonymous_13)
FNDA:0,(anonymous_14)
FNDA:0,(anonymous_15)
FNDA:0,(anonymous_16)
FNDA:0,(anonymous_17)
FNDA:0,(anonymous_18)
FNDA:0,(anonymous_19)
FNDA:0,(anonymous_20)
FNDA:0,(anonymous_21)
FNDA:0,(anonymous_22)
FNDA:0,(anonymous_23)
DA:10,1
DA:12,1
DA:13,1
DA:25,1
DA:26,0
DA:27,0
DA:29,0
DA:38,0
DA:56,0
DA:57,0
DA:58,0
DA:59,0
DA:60,0
DA:61,0
DA:62,0
DA:63,0
DA:64,0
DA:65,0
DA:66,0
DA:67,0
DA:68,0
DA:69,0
DA:70,0
DA:71,0
DA:72,0
DA:73,0
DA:74,0
DA:77,0
DA:89,0
DA:97,0
DA:107,0
DA:108,0
DA:112,0
DA:122,0
DA:123,0
DA:132,1
DA:133,0
DA:134,0
DA:136,0
DA:145,0
DA:163,0
DA:164,0
DA:165,0
DA:166,0
DA:167,0
DA:168,0
DA:169,0
DA:170,0
DA:171,0
DA:172,0
DA:173,0
DA:174,0
DA:175,0
DA:176,0
DA:177,0
DA:178,0
DA:179,0
DA:180,0
DA:183,0
DA:193,0
DA:201,0
DA:208,0
DA:209,0
DA:213,0
DA:223,0
DA:224,0
DA:233,1
DA:234,0
DA:235,0
DA:237,0
DA:246,0
DA:264,0
DA:265,0
DA:266,0
DA:267,0
DA:268,0
DA:269,0
DA:270,0
DA:271,0
DA:272,0
DA:273,0
DA:274,0
DA:275,0
DA:276,0
DA:277,0
DA:278,0
DA:279,0
DA:280,0
DA:281,0
DA:282,0
DA:283,0
DA:286,0
DA:296,0
DA:304,0
DA:311,0
DA:312,0
DA:316,0
DA:326,0
DA:327,0
DA:336,1
DA:337,0
DA:338,0
DA:340,0
DA:349,0
DA:369,0
DA:370,0
DA:371,0
DA:372,0
DA:373,0
DA:374,0
DA:375,0
DA:376,0
DA:377,0
DA:378,0
DA:379,0
DA:380,0
DA:381,0
DA:382,0
DA:383,0
DA:384,0
DA:385,0
DA:386,0
DA:387,0
DA:388,0
DA:389,0
DA:392,0
DA:402,0
DA:410,0
DA:419,0
DA:420,0
DA:424,0
DA:438,0
DA:439,0
DA:448,1
DA:449,0
DA:450,0
DA:452,0
DA:461,0
DA:481,0
DA:482,0
DA:483,0
DA:484,0
DA:485,0
DA:486,0
DA:487,0
DA:488,0
DA:489,0
DA:490,0
DA:491,0
DA:492,0
DA:493,0
DA:494,0
DA:495,0
DA:496,0
DA:499,0
DA:509,0
DA:517,0
DA:525,0
DA:526,0
DA:530,0
DA:542,0
DA:543,0
DA:552,1
DA:553,0
DA:554,0
DA:556,0
DA:565,0
DA:583,0
DA:584,0
DA:585,0
DA:586,0
DA:587,0
DA:588,0
DA:589,0
DA:590,0
DA:591,0
DA:592,0
DA:593,0
DA:594,0
DA:595,0
DA:596,0
DA:597,0
DA:598,0
DA:599,0
DA:600,0
DA:603,0
DA:613,0
DA:621,0
DA:630,0
DA:631,0
DA:635,0
DA:646,0
DA:647,0
LF:193
LH:9
BRDA:56,0,0,0
BRDA:56,0,1,0
BRDA:60,1,0,0
BRDA:60,1,1,0
BRDA:64,2,0,0
BRDA:64,2,1,0
BRDA:68,3,0,0
BRDA:68,3,1,0
BRDA:107,4,0,0
BRDA:107,4,1,0
BRDA:163,5,0,0
BRDA:163,5,1,0
BRDA:166,6,0,0
BRDA:166,6,1,0
BRDA:169,7,0,0
BRDA:169,7,1,0
BRDA:172,8,0,0
BRDA:172,8,1,0
BRDA:175,9,0,0
BRDA:175,9,1,0
BRDA:178,10,0,0
BRDA:178,10,1,0
BRDA:208,11,0,0
BRDA:208,11,1,0
BRDA:264,12,0,0
BRDA:264,12,1,0
BRDA:267,13,0,0
BRDA:267,13,1,0
BRDA:273,14,0,0
BRDA:273,14,1,0
BRDA:276,15,0,0
BRDA:276,15,1,0
BRDA:280,16,0,0
BRDA:280,16,1,0
[...]
FN:357,(anonymous_8)
FN:363,(anonymous_9)
FN:368,(anonymous_10)
FN:375,(anonymous_11)
FN:383,(anonymous_12)
FN:385,(anonymous_13)
FN:402,(anonymous_14)
FN:406,(anonymous_15)
FN:461,(anonymous_16)
FN:468,(anonymous_17)
FN:473,(anonymous_18)
FN:489,(anonymous_19)
FN:499,(anonymous_20)
FN:506,(anonymous_21)
FN:513,(anonymous_22)
FN:515,(anonymous_23)
FN:532,(anonymous_24)
FN:534,(anonymous_25)
FN:579,(anonymous_26)
FN:586,(anonymous_27)
FN:591,(anonymous_28)
FN:600,(anonymous_29)
FN:603,(anonymous_30)
FN:626,(anonymous_31)
FN:633,(anonymous_32)
FN:638,(anonymous_33)
FN:656,(anonymous_34)
FN:661,(anonymous_35)
FN:679,(anonymous_36)
FN:684,(anonymous_37)
FN:734,(anonymous_38)
FN:740,(anonymous_39)
FN:823,(anonymous_40)
FN:829,(anonymous_41)
FN:850,(anonymous_42)
FN:853,(anonymous_43)
FN:894,(anonymous_44)
FN:901,(anonymous_45)
FN:907,(anonymous_46)
FN:925,(anonymous_47)
FN:960,(anonymous_48)
FN:964,(anonymous_49)
FN:974,(anonymous_50)
FN:979,(anonymous_51)
FN:995,(anonymous_52)
FN:1022,(anonymous_53)
FN:1029,(anonymous_54)
FN:1035,(anonymous_55)
FN:1072,(anonymous_56)
FN:1078,(anonymous_57)
FN:1115,(anonymous_58)
FN:1122,(anonymous_59)
FN:1132,(anonymous_60)
FN:1139,(anonymous_61)
FN:1150,(anonymous_62)
FN:1176,(anonymous_63)
FN:1183,(anonymous_64)
FN:1213,(anonymous_65)
FNF:66
FNH:0
FNDA:0,(anonymous_0)
FNDA:0,(anonymous_1)
FNDA:0,(anonymous_2)
FNDA:0,(anonymous_3)
FNDA:0,(anonymous_4)
FNDA:0,(anonymous_5)
FNDA:0,(anonymous_6)
FNDA:0,(anonymous_7)
FNDA:0,(anonymous_8)
FNDA:0,(anonymous_9)
FNDA:0,(anonymous_10)
FNDA:0,(anonymous_11)
FNDA:0,(anonymous_12)
FNDA:0,(anonymous_13)
FNDA:0,(anonymous_14)
FNDA:0,(anonymous_15)
FNDA:0,(anonymous_16)
FNDA:0,(anonymous_17)
FNDA:0,(anonymous_18)
FNDA:0,(anonymous_19)
FNDA:0,(anonymous_20)
FNDA:0,(anonymous_21)
FNDA:0,(anonymous_22)
FNDA:0,(anonymous_23)
FNDA:0,(anonymous_24)
FNDA:0,(anonymous_25)
FNDA:0,(anonymous_26)
FNDA:0,(anonymous_27)
FNDA:0,(anonymous_28)
FNDA:0,(anonymous_29)
FNDA:0,(anonymous_30)
FNDA:0,(anonymous_31)
FNDA:0,(anonymous_32)
FNDA:0,(anonymous_33)
FNDA:0,(anonymous_34)
FNDA:0,(anonymous_35)
FNDA:0,(anonymous_36)
FNDA:0,(anonymous_37)
FNDA:0,(anonymous_38)
FNDA:0,(anonymous_39)
FNDA:0,(anonymous_40)
FNDA:0,(anonymous_41)
FNDA:0,(anonymous_42)
FNDA:0,(anonymous_43)
FNDA:0,(anonymous_44)
FNDA:0,(anonymous_45)
FNDA:0,(anonymous_46)
FNDA:0,(anonymous_47)
FNDA:0,(anonymous_48)
FNDA:0,(anonymous_49)
FNDA:0,(anonymous_50)
FNDA:0,(anonymous_51)
FNDA:0,(anonymous_52)
FNDA:0,(anonymous_53)
FNDA:0,(anonymous_54)
FNDA:0,(anonymous_55)
FNDA:0,(anonymous_56)
FNDA:0,(anonymous_57)
FNDA:0,(anonymous_58)
FNDA:0,(anonymous_59)
FNDA:0,(anonymous_60)
FNDA:0,(anonymous_61)
FNDA:0,(anonymous_62)
FNDA:0,(anonymous_63)
FNDA:0,(anonymous_64)
FNDA:0,(anonymous_65)
DA:58,1
DA:59,1
DA:62,1
DA:63,1
DA:177,1
DA:178,0
DA:179,0
DA:180,0
DA:181,0
DA:199,0
DA:203,0
DA:215,0
DA:216,0
DA:219,0
DA:220,0
DA:221,0
DA:223,0
DA:234,0
DA:236,0
DA:237,0
DA:238,0
DA:240,0
DA:247,0
DA:248,0
DA:250,0
DA:251,0
DA:252,0
DA:264,0
DA:268,0
DA:269,0
DA:270,0
DA:273,0
DA:275,0
DA:284,0
DA:288,0
DA:299,0
DA:301,0
DA:308,0
DA:320,0
DA:332,0
DA:333,0
DA:336,0
DA:337,0
DA:338,0
DA:340,0
DA:350,0
DA:351,0
DA:352,0
DA:355,0
DA:356,0
DA:357,0
DA:361,0
DA:362,0
DA:363,0
DA:367,0
DA:368,0
DA:369,0
DA:373,0
DA:374,0
DA:376,0
DA:382,0
DA:383,0
DA:385,0
DA:389,0
DA:390,0
DA:391,0
DA:392,0
DA:393,0
DA:397,0
DA:398,0
DA:402,0
DA:405,0
DA:406,0
DA:414,0
DA:415,0
DA:419,0
DA:436,0
DA:448,0
DA:450,0
DA:461,0
DA:472,0
DA:473,0
DA:476,0
DA:477,0
DA:479,0
DA:484,0
DA:485,0
DA:488,0
DA:489,0
DA:490,0
DA:491,0
DA:492,0
DA:494,0
DA:498,0
DA:499,0
DA:500,0
DA:504,0
DA:505,0
DA:507,0
DA:512,0
DA:513,0
DA:515,0
DA:519,0
DA:520,0
DA:521,0
DA:522,0
DA:523,0
DA:527,0
DA:528,0
DA:532,0
DA:533,0
DA:534,0
DA:542,0
DA:561,0
DA:567,0
DA:569,0
DA:579,0
DA:590,0
DA:591,0
DA:594,0
DA:598,0
DA:599,0
DA:600,0
DA:601,0
DA:602,0
DA:603,0
DA:610,0
DA:614,0
DA:616,0
DA:626,0
DA:637,0
DA:638,0
DA:641,0
DA:642,0
DA:644,0
DA:650,0
DA:660,0
DA:661,0
DA:664,0
DA:665,0
DA:667,0
DA:673,0
DA:683,0
DA:684,0
DA:687,0
DA:688,0
DA:690,0
DA:696,0
DA:698,0
DA:699,0
DA:700,0
DA:704,0
DA:707,0
DA:709,0
DA:715,0
DA:717,0
DA:727,0
DA:739,0
DA:740,0
DA:743,0
DA:744,0
DA:745,0
DA:747,0
DA:758,0
DA:759,0
DA:770,0
DA:771,0
DA:773,0
DA:782,0
DA:793,0
DA:795,0
DA:804,0
DA:816,0
DA:828,0
DA:829,0
DA:832,0
DA:833,0
DA:835,0
DA:845,0
DA:846,0
DA:849,0
DA:850,0
DA:853,0
DA:854,0
DA:858,0
DA:859,0
DA:862,0
DA:871,0
DA:881,0
DA:883,0
DA:894,0
DA:906,0
DA:907,0
DA:910,0
DA:911,0
DA:913,0
DA:923,0
DA:924,0
DA:925,0
DA:926,0
DA:928,0
DA:930,0
DA:940,0
DA:942,0
DA:953,0
DA:963,0
DA:964,0
DA:967,0
DA:968,0
DA:978,0
DA:979,0
DA:982,0
DA:983,0
DA:984,0
DA:986,0
DA:992,0
DA:994,0
DA:995,0
DA:996,0
DA:997,0
DA:998,0
DA:1000,0
DA:1002,0
DA:1005,0
DA:1010,0
DA:1012,0
DA:1022,0
DA:1034,0
DA:1035,0
DA:1038,0
DA:1043,0
DA:1046,0
DA:1052,0
DA:1054,0
DA:1065,0
DA:1077,0
DA:1078,0
DA:1081,0
DA:1086,0
DA:1089,0
DA:1095,0
DA:1097,0
DA:1108,0
DA:1116,0
DA:1123,0
DA:1124,0
DA:1125,0
DA:1128,0
DA:1131,0
DA:1133,0
DA:1139,0
DA:1140,0
DA:1143,0
DA:1144,0
DA:1151,0
DA:1152,0
DA:1153,0
DA:1156,0
DA:1159,0
DA:1160,0
DA:1161,0
DA:1164,0
DA:1165,0
DA:1166,0
DA:1169,0
DA:1170,0
DA:1177,0
DA:1184,0
DA:1186,0
DA:1188,0
DA:1190,0
DA:1194,0
DA:1195,0
DA:1199,0
DA:1200,0
DA:1204,0
DA:1209,0
DA:1212,0
DA:1213,0
DA:1217,0
LF:280
LH:5
BRDA:212,0,0,0
BRDA:215,1,0,0
BRDA:215,1,1,0
BRDA:236,2,0,0
BRDA:236,2,1,0
BRDA:237,3,0,0
BRDA:237,3,1,0
BRDA:268,4,0,0
BRDA:268,4,1,0
BRDA:280,5,0,0
BRDA:280,5,1,0
BRDA:329,6,0,0
BRDA:332,7,0,0
BRDA:332,7,1,0
BRDA:351,8,0,0
BRDA:351,8,1,0
BRDA:355,9,0,0
BRDA:355,9,1,0
BRDA:361,10,0,0
BRDA:361,10,1,0
BRDA:367,11,0,0
BRDA:367,11,1,0
BRDA:367,12,0,0
BRDA:367,12,1,0
BRDA:373,13,0,0
BRDA:373,13,1,0
BRDA:376,14,0,0
BRDA:376,14,1,0
BRDA:382,15,0,0
BRDA:382,15,1,0
BRDA:390,16,0,0
BRDA:390,16,1,0
BRDA:390,17,0,0
BRDA:390,17,1,0
BRDA:390,17,2,0
BRDA:397,18,0,0
BRDA:397,18,1,0
BRDA:414,19,0,0
BRDA:414,19,1,0
BRDA:415,20,0,0
BRDA:415,20,1,0
BRDA:425,21,0,0
BRDA:425,21,1,0
BRDA:425,22,0,0
BRDA:425,22,1,0
BRDA:426,23,0,0
BRDA:426,23,1,0
BRDA:469,24,0,0
BRDA:472,25,0,0
BRDA:472,25,1,0
BRDA:490,26,0,0
BRDA:490,26,1,0
BRDA:491,27,0,0
BRDA:491,27,1,0
BRDA:491,28,0,0
BRDA:491,28,1,0
BRDA:498,29,0,0
BRDA:498,29,1,0
BRDA:498,30,0,0
BRDA:498,30,1,0
BRDA:504,31,0,0
BRDA:504,31,1,0
BRDA:507,32,0,0
BRDA:507,32,1,0
BRDA:512,33,0,0
BRDA:512,33,1,0
BRDA:520,34,0,0
BRDA:520,34,1,0
BRDA:520,35,0,0
BRDA:520,35,1,0
BRDA:520,35,2,0
BRDA:527,36,0,0
BRDA:527,36,1,0
BRDA:546,37,0,0
BRDA:546,37,1,0
BRDA:550,38,0,0
BRDA:550,38,1,0
BRDA:550,39,0,0
BRDA:550,39,1,0
BRDA:551,40,0,0
BRDA:551,40,1,0
BRDA:552,41,0,0
BRDA:552,41,1,0
BRDA:590,42,0,0
BRDA:590,42,1,0
BRDA:600,43,0,0
BRDA:600,43,1,0
BRDA:601,44,0,0
BRDA:601,44,1,0
BRDA:637,45,0,0
BRDA:637,45,1,0
BRDA:642,46,0,0
BRDA:642,46,1,0
BRDA:660,47,0,0
BRDA:660,47,1,0
BRDA:683,48,0,0
BRDA:683,48,1,0
BRDA:698,49,0,0
BRDA:698,49,1,0
BRDA:739,50,0,0
BRDA:739,50,1,0
BRDA:764,51,0,0
BRDA:764,51,1,0
BRDA:770,52,0,0
BRDA:770,52,1,0
BRDA:828,53,0,0
BRDA:828,53,1,0
BRDA:846,54,0,0
BRDA:846,54,1,0
BRDA:849,55,0,0
BRDA:849,55,1,0
BRDA:854,56,0,0
BRDA:854,56,1,0
BRDA:858,57,0,0
BRDA:858,57,1,0
BRDA:906,58,0,0
BRDA:906,58,1,0
BRDA:924,59,0,0
BRDA:924,59,1,0
BRDA:963,60,0,0
BRDA:963,60,1,0
BRDA:978,61,0,0
BRDA:978,61,1,0
BRDA:996,62,0,0
BRDA:996,62,1,0
BRDA:996,63,0,0
BRDA:996,63,1,0
BRDA:1031,64,0,0
BRDA:1034,65,0,0
BRDA:1034,65,1,0
BRDA:1074,66,0,0
BRDA:1077,67,0,0
BRDA:1077,67,1,0
BRDA:1123,68,0,0
BRDA:1123,68,1,0
BRDA:1151,69,0,0
BRDA:1151,69,1,0
BRDA:1159,70,0,0
BRDA:1159,70,1,0
BRDA:1164,71,0,0
BRDA:1164,71,1,0
BRDA:1184,72,0,0
BRDA:1184,72,1,0
BRDA:1191,73,0,0
BRDA:1191,73,1,0
BRDA:1194,74,0,0
BRDA:1194,74,1,0
BRDA:1196,75,0,0
BRDA:1196,75,1,0
BRF:149
BRH:0
end_of_record
TN:
SF:src/infrastructure/web/fastify/fastify-adapter.ts
FN:101,(anonymous_0)
FN:113,(anonymous_1)
FN:185,(anonymous_2)
FN:218,(anonymous_3)
FN:245,(anonymous_4)
FN:308,(anonymous_5)
FN:332,(anonymous_6)
FN:349,(anonymous_7)
FN:350,(anonymous_8)
FN:384,(anonymous_9)
FN:417,(anonymous_10)
FN:421,(anonymous_11)
FN:459,(anonymous_12)
FN:477,(anonymous_13)
FN:491,(anonymous_14)
FN:513,(anonymous_15)
FN:525,(anonymous_16)
FN:530,(anonymous_17)
FN:544,(anonymous_18)
FN:559,(anonymous_19)
FN:586,(anonymous_20)
FN:659,(anonymous_21)
FN:663,(anonymous_22)
FN:675,(anonymous_23)
FN:693,(anonymous_24)
FN:699,(anonymous_25)
FN:714,(anonymous_26)
FN:728,(anonymous_27)
FNF:28
FNH:0
FNDA:0,(anonymous_0)
FNDA:0,(anonymous_1)
FNDA:0,(anonymous_2)
FNDA:0,(anonymous_3)
FNDA:0,(anonymous_4)
FNDA:0,(anonymous_5)
FNDA:0,(anonymous_6)
FNDA:0,(anonymous_7)
FNDA:0,(anonymous_8)
FNDA:0,(anonymous_9)
FNDA:0,(anonymous_10)
FNDA:0,(anonymous_11)
FNDA:0,(anonymous_12)
FNDA:0,(anonymous_13)
FNDA:0,(anonymous_14)
FNDA:0,(anonymous_15)
FNDA:0,(anonymous_16)
FNDA:0,(anonymous_17)
FNDA:0,(anonymous_18)
FNDA:0,(anonymous_19)
FNDA:0,(anonymous_20)
FNDA:0,(anonymous_21)
FNDA:0,(anonymous_22)
FNDA:0,(anonymous_23)
FNDA:0,(anonymous_24)
FNDA:0,(anonymous_25)
FNDA:0,(anonymous_26)
FNDA:0,(anonymous_27)
DA:73,1
DA:74,1
DA:77,1
DA:78,1
DA:91,1
DA:96,0
DA:97,0
DA:98,0
DA:99,0
DA:103,0
DA:105,0
DA:106,0
DA:107,0
DA:114,0
DA:115,0
DA:116,0
DA:119,0
DA:124,0
DA:126,0
DA:129,0
DA:130,0
DA:134,0
DA:137,0
DA:138,0
DA:142,0
DA:145,0
DA:146,0
DA:150,0
DA:156,0
DA:158,0
DA:168,0
DA:178,0
DA:186,0
DA:187,0
DA:188,0
DA:191,0
DA:193,0
DA:194,0
DA:196,0
DA:198,0
DA:203,0
DA:211,0
DA:219,0
DA:221,0
DA:222,0
DA:223,0
DA:225,0
DA:230,0
DA:238,0
DA:246,0
DA:247,0
DA:252,0
DA:255,0
DA:265,0
DA:267,0
DA:268,0
DA:269,0
DA:270,0
DA:278,0
DA:279,0
DA:284,0
DA:286,0
DA:292,0
DA:301,0
DA:311,0
DA:312,0
DA:317,0
DA:320,0
DA:330,0
DA:332,0
DA:334,0
DA:335,0
DA:339,0
DA:340,0
DA:343,0
DA:344,0
DA:349,0
DA:350,0
DA:351,0
DA:352,0
DA:354,0
DA:360,0
DA:362,0
DA:368,0
DA:377,0
DA:385,0
DA:395,0
DA:397,0
DA:418,0
DA:419,0
DA:422,0
DA:426,0
DA:430,0
DA:432,0
DA:442,0
DA:452,0
DA:460,0
DA:478,0
DA:492,0
DA:514,0
DA:525,0
DA:526,0
DA:530,0
DA:531,0
DA:544,0
DA:545,0
DA:559,0
DA:560,0
DA:573,0
DA:580,0
DA:588,0
DA:589,0
DA:598,0
DA:599,0
DA:608,0
DA:609,0
DA:621,0
DA:622,0
DA:636,0
DA:637,0
DA:646,0
DA:647,0
DA:661,0
DA:664,0
DA:665,0
DA:666,0
DA:673,0
DA:676,0
DA:677,0
DA:678,0
DA:679,0
DA:683,0
DA:695,0
DA:696,0
DA:700,0
DA:701,0
DA:710,0
DA:711,0
DA:715,0
DA:716,0
DA:725,0
DA:729,0
DA:730,0
LF:143
LH:5
BRDA:114,0,0,0
BRDA:114,0,1,0
BRDA:186,1,0,0
BRDA:186,1,1,0
BRDA:246,2,0,0
BRDA:246,2,1,0
BRDA:267,3,0,0
BRDA:267,3,1,0
BRDA:269,4,0,0
BRDA:269,4,1,0
BRDA:280,5,0,0
BRDA:280,5,1,0
BRDA:281,6,0,0
BRDA:281,6,1,0
BRDA:311,7,0,0
BRDA:311,7,1,0
BRDA:334,8,0,0
BRDA:334,8,1,0
BRDA:334,9,0,0
BRDA:334,9,1,0
BRDA:339,10,0,0
BRDA:339,10,1,0
BRDA:340,11,0,0
BRDA:340,11,1,0
BRDA:343,12,0,0
BRDA:343,12,1,0
BRDA:351,13,0,0
BRDA:351,13,1,0
BRDA:479,14,0,0
BRDA:479,14,1,0
BRDA:481,15,0,0
BRDA:481,15,1,0
BRDA:515,16,0,0
BRDA:515,16,1,0
BRDA:588,17,0,0
BRDA:588,17,1,0
BRDA:591,18,0,0
BRDA:591,18,1,0
BRDA:598,19,0,0
BRDA:598,19,1,0
BRDA:601,20,0,0
BRDA:601,20,1,0
BRDA:608,21,0,0
BRDA:608,21,1,0
BRDA:611,22,0,0
BRDA:611,22,1,0
BRDA:621,23,0,0
BRDA:621,23,1,0
BRDA:624,24,0,0
BRDA:624,24,1,0
BRDA:636,25,0,0
BRDA:636,25,1,0
BRDA:639,26,0,0
BRDA:639,26,1,0
BRDA:646,27,0,0
BRDA:646,27,1,0
BRDA:649,28,0,0
BRDA:649,28,1,0
BRDA:664,29,0,0
BRDA:664,29,1,0
BRDA:695,30,0,0
BRDA:695,30,1,0
BRDA:701,31,0,0
BRDA:701,31,1,0
BRDA:710,32,0,0
BRDA:710,32,1,0
BRF:66
BRH:0
end_of_record
TN:
SF:src/infrastructure/web/fastify/fastify-middleware.ts
FN:83,(anonymous_0)
FN:95,(anonymous_1)
FN:157,(anonymous_2)
FN:208,(anonymous_3)
FN:237,(anonymous_4)
FN:267,(anonymous_5)
FN:269,(anonymous_6)
FN:289,(anonymous_7)
FN:290,(anonymous_8)
FN:332,(anonymous_9)
FN:356,(anonymous_10)
FN:369,(anonymous_11)
FN:403,(anonymous_12)
FN:413,(anonymous_13)
FN:442,(anonymous_14)
FN:448,(anonymous_15)
FN:466,(anonymous_16)
FN:497,(anonymous_17)
FN:503,(anonymous_18)
FN:518,(anonymous_19)
FN:524,(anonymous_20)
FN:549,(anonymous_21)
FN:561,(anonymous_22)
FN:613,(anonymous_23)
FN:619,(anonymous_24)
FNF:25
FNH:0
FNDA:0,(anonymous_0)
FNDA:0,(anonymous_1)
FNDA:0,(anonymous_2)
FNDA:0,(anonymous_3)
FNDA:0,(anonymous_4)
FNDA:0,(anonymous_5)
FNDA:0,(anonymous_6)
FNDA:0,(anonymous_7)
FNDA:0,(anonymous_8)
FNDA:0,(anonymous_9)
FNDA:0,(anonymous_10)
FNDA:0,(anonymous_11)
FNDA:0,(anonymous_12)
FNDA:0,(anonymous_13)
FNDA:0,(anonymous_14)
FNDA:0,(anonymous_15)
FNDA:0,(anonymous_16)
FNDA:0,(anonymous_17)
FNDA:0,(anonymous_18)
FNDA:0,(anonymous_19)
FNDA:0,(anonymous_20)
FNDA:0,(anonymous_21)
FNDA:0,(anonymous_22)
FNDA:0,(anonymous_23)
FNDA:0,(anonymous_24)
DA:56,1
DA:59,1
DA:60,1
DA:70,1
DA:75,0
DA:79,0
DA:80,0
DA:81,0
DA:85,0
DA:87,0
DA:88,0
DA:89,0
DA:96,0
DA:97,0
DA:102,0
DA:105,0
DA:106,0
DA:111,0
DA:114,0
DA:124,0
DA:126,0
DA:128,0
DA:129,0
DA:132,0
DA:141,0
DA:150,0
DA:158,0
DA:159,0
DA:164,0
DA:167,0
DA:173,0
DA:175,0
DA:177,0
DA:178,0
DA:180,0
DA:192,0
DA:201,0
DA:209,0
DA:238,0
DA:269,0
DA:273,0
DA:274,0
DA:276,0
DA:287,0
DA:289,0
DA:290,0
DA:291,0
DA:292,0
DA:294,0
DA:299,0
DA:300,0
DA:302,0
DA:312,0
DA:313,0
DA:315,0
DA:327,0
DA:332,0
DA:334,0
DA:335,0
DA:339,0
DA:340,0
DA:343,0
DA:344,0
DA:349,0
DA:359,0
DA:371,0
DA:375,0
DA:379,0
DA:399,1
DA:407,0
DA:426,0
DA:445,0
DA:449,0
DA:451,0
DA:465,0
DA:466,0
DA:467,0
DA:469,0
DA:482,0
DA:485,0
DA:500,0
DA:504,0
DA:505,0
DA:506,0
DA:521,0
DA:525,0
DA:526,0
DA:527,0
DA:528,0
DA:532,0
DA:533,0
DA:537,0
DA:558,0
DA:562,0
DA:563,0
DA:567,0
DA:571,0
DA:574,0
DA:575,0
DA:583,0
DA:584,0
DA:592,0
DA:593,0
DA:596,0
DA:597,0
DA:598,0
DA:601,0
DA:616,0
DA:622,0
LF:109
LH:5
BRDA:96,0,0,0
BRDA:96,0,1,0
BRDA:105,1,0,0
BRDA:105,1,1,0
BRDA:158,2,0,0
BRDA:158,2,1,0
BRDA:186,3,0,0
BRDA:186,3,1,0
BRDA:215,4,0,0
BRDA:215,4,1,0
BRDA:222,5,0,0
BRDA:222,5,1,0
BRDA:226,6,0,0
BRDA:226,6,1,0
BRDA:229,7,0,0
BRDA:229,7,1,0
BRDA:239,8,0,0
BRDA:239,8,1,0
BRDA:243,9,0,0
BRDA:243,9,1,0
BRDA:252,10,0,0
BRDA:252,10,1,0
BRDA:256,11,0,0
BRDA:256,11,1,0
BRDA:291,12,0,0
BRDA:291,12,1,0
BRDA:334,13,0,0
BRDA:334,13,1,0
BRDA:334,14,0,0
BRDA:334,14,1,0
BRDA:339,15,0,0
BRDA:339,15,1,0
BRDA:340,16,0,0
BRDA:340,16,1,0
BRDA:343,17,0,0
BRDA:343,17,1,0
BRDA:371,18,0,0
BRDA:371,18,1,0
BRDA:375,19,0,0
BRDA:375,19,1,0
BRDA:380,20,0,0
BRDA:380,20,1,0
BRDA:382,21,0,0
BRDA:382,21,1,0
BRDA:419,22,0,0
BRDA:432,23,0,0
BRDA:432,23,1,0
BRDA:504,24,0,0
BRDA:504,24,1,0
BRDA:550,25,0,0
BRDA:563,26,0,0
BRDA:563,26,1,0
BRDA:567,27,0,0
BRDA:567,27,1,0
BRDA:568,28,0,0
BRDA:568,28,1,0
BRDA:568,28,2,0
BRDA:571,29,0,0
BRDA:571,29,1,0
BRDA:574,30,0,0
BRDA:574,30,1,0
BRDA:577,31,0,0
BRDA:577,31,1,0
BRDA:583,32,0,0
BRDA:583,32,1,0
BRDA:586,33,0,0
BRDA:586,33,1,0
BRDA:592,34,0,0
BRDA:592,34,1,0
BRDA:596,35,0,0
BRDA:596,35,1,0
BRF:71
BRH:0
end_of_record
TN:
SF:src/infrastructure/web/fastify/fastify-module.ts
FN:91,(anonymous_0)
FN:104,(anonymous_1)
FN:154,(anonymous_2)
FN:203,(anonymous_3)
FN:236,(anonymous_4)
FN:252,(anonymous_5)
FN:343,FastifyModule
FN:346,(anonymous_7)
FN:358,(anonymous_8)
FN:370,(anonymous_9)
FN:374,(anonymous_10)
FN:382,(anonymous_11)
FN:392,(anonymous_12)
FN:409,(anonymous_13)
FN:425,(anonymous_14)
FN:443,FastifyPlugin
FN:444,(anonymous_16)
FN:452,FastifyMiddleware
FN:453,(anonymous_18)
FN:461,FastifyRoute
FN:462,(anonymous_20)
FN:470,FastifyController
FN:471,(anonymous_22)
FN:479,FastifyService
FN:480,(anonymous_24)
FNF:25
FNH:0
FNDA:0,(anonymous_0)
FNDA:0,(anonymous_1)
FNDA:0,(anonymous_2)
FNDA:0,(anonymous_3)
FNDA:0,(anonymous_4)
FNDA:0,(anonymous_5)
FNDA:0,FastifyModule
FNDA:0,(anonymous_7)
FNDA:0,(anonymous_8)
FNDA:0,(anonymous_9)
FNDA:0,(anonymous_10)
FNDA:0,(anonymous_11)
FNDA:0,(anonymous_12)
FNDA:0,(anonymous_13)
FNDA:0,(anonymous_14)
FNDA:0,FastifyPlugin
FNDA:0,(anonymous_16)
FNDA:0,FastifyMiddleware
FNDA:0,(anonymous_18)
FNDA:0,FastifyRoute
FNDA:0,(anonymous_20)
FNDA:0,FastifyController
FNDA:0,(anonymous_22)
FNDA:0,FastifyService
FNDA:0,(anonymous_24)
DA:60,1
DA:67,1
DA:68,1
DA:75,1
DA:81,1
DA:87,0
DA:93,0
DA:95,0
DA:96,0
DA:97,0
DA:98,0
DA:105,0
DA:106,0
DA:111,0
DA:114,0
DA:119,0
DA:121,0
DA:124,0
DA:126,0
DA:127,0
DA:129,0
DA:138,0
DA:147,0
DA:155,0
DA:156,0
DA:161,0
DA:164,0
DA:168,0
DA:170,0
DA:172,0
DA:173,0
DA:175,0
DA:187,0
DA:196,0
DA:204,0
DA:237,0
DA:253,0
DA:259,0
DA:261,0
DA:266,0
DA:269,0
DA:270,0
DA:274,0
DA:275,0
DA:283,0
DA:284,0
DA:291,0
DA:292,0
DA:293,0
DA:298,0
DA:299,0
DA:300,0
DA:302,0
DA:303,0
DA:308,0
DA:309,0
DA:310,0
DA:312,0
DA:313,0
DA:315,0
DA:316,0
DA:320,0
DA:326,0
DA:335,0
DA:343,1
DA:346,0
DA:347,0
DA:354,1
DA:362,0
DA:363,0
DA:364,0
DA:374,0
DA:375,0
DA:383,0
DA:396,0
DA:415,0
DA:429,0
DA:443,1
DA:444,0
DA:445,0
DA:452,1
DA:453,0
DA:454,0
DA:461,1
DA:462,0
DA:463,0
DA:470,1
DA:471,0
DA:472,0
DA:479,1
DA:480,0
DA:481,0
LF:92
LH:12
BRDA:105,0,0,0
BRDA:105,0,1,0
BRDA:155,1,0,0
BRDA:155,1,1,0
BRDA:181,2,0,0
BRDA:181,2,1,0
BRDA:209,3,0,0
BRDA:209,3,1,0
BRDA:238,4,0,0
BRDA:238,4,1,0
BRDA:242,5,0,0
BRDA:242,5,1,0
BRDA:261,6,0,0
BRDA:261,6,1,0
BRDA:262,7,0,0
BRDA:262,7,1,0
BRDA:262,7,2,0
BRDA:269,8,0,0
BRDA:269,8,1,0
BRDA:274,9,0,0
BRDA:274,9,1,0
BRDA:283,10,0,0
BRDA:283,10,1,0
BRDA:292,11,0,0
BRDA:292,11,1,0
BRDA:299,12,0,0
BRDA:299,12,1,0
BRDA:302,13,0,0
BRDA:302,13,1,0
BRDA:309,14,0,0
BRDA:309,14,1,0
BRDA:312,15,0,0
BRDA:312,15,1,0
BRDA:315,16,0,0
BRDA:315,16,1,0
BRDA:421,17,0,0
BRDA:421,17,1,0
BRF:37
BRH:0
end_of_record
TN:
SF:src/infrastructure/web/fastify/fastify-plugin.ts
FN:75,(anonymous_0)
FN:88,(anonymous_1)
FN:144,(anonymous_2)
FN:193,(anonymous_3)
FN:213,(anonymous_4)
FN:230,(anonymous_5)
FN:263,(anonymous_6)
FN:307,(anonymous_7)
FN:320,(anonymous_8)
FN:329,(anonymous_9)
FN:340,(anonymous_10)
FN:357,(anonymous_11)
FN:376,(anonymous_12)
FN:385,(anonymous_13)
FN:396,(anonymous_14)
FN:409,(anonymous_15)
FN:430,(anonymous_16)
FN:440,(anonymous_17)
FN:459,(anonymous_18)
FN:478,(anonymous_19)
FN:500,(anonymous_20)
FN:524,(anonymous_21)
FN:543,(anonymous_22)
FNF:23
FNH:0
FNDA:0,(anonymous_0)
FNDA:0,(anonymous_1)
FNDA:0,(anonymous_2)
FNDA:0,(anonymous_3)
FNDA:0,(anonymous_4)
FNDA:0,(anonymous_5)
FNDA:0,(anonymous_6)
FNDA:0,(anonymous_7)
FNDA:0,(anonymous_8)
FNDA:0,(anonymous_9)
FNDA:0,(anonymous_10)
FNDA:0,(anonymous_11)
FNDA:0,(anonymous_12)
FNDA:0,(anonymous_13)
FNDA:0,(anonymous_14)
FNDA:0,(anonymous_15)
FNDA:0,(anonymous_16)
FNDA:0,(anonymous_17)
FNDA:0,(anonymous_18)
FNDA:0,(anonymous_19)
FNDA:0,(anonymous_20)
FNDA:0,(anonymous_21)
FNDA:0,(anonymous_22)
DA:55,1
DA:58,1
DA:65,1
DA:71,0
DA:77,0
DA:79,0
DA:80,0
DA:81,0
DA:82,0
DA:89,0
DA:90,0
DA:95,0
DA:98,0
DA:99,0
DA:104,0
DA:107,0
DA:113,0
DA:115,0
DA:118,0
DA:120,0
DA:121,0
DA:123,0
DA:128,0
DA:137,0
DA:145,0
DA:146,0
DA:151,0
DA:154,0
DA:158,0
DA:160,0
DA:162,0
DA:163,0
DA:165,0
DA:177,0
DA:186,0
DA:194,0
DA:214,0
DA:231,0
DA:232,0
DA:235,0
DA:244,0
DA:246,0
DA:247,0
DA:253,0
DA:264,0
DA:266,0
DA:268,0
DA:269,0
DA:271,0
DA:272,0
DA:274,0
DA:275,0
DA:277,0
DA:278,0
DA:280,0
DA:281,0
DA:283,0
DA:284,0
DA:287,0
DA:288,0
DA:291,0
DA:300,0
DA:310,0
DA:322,0
DA:323,0
DA:333,0
DA:334,0
DA:344,0
DA:345,0
DA:361,0
DA:362,0
DA:378,0
DA:379,0
DA:389,0
DA:390,0
DA:397,0
DA:399,0
DA:400,0
DA:402,0
DA:410,0
DA:426,1
DA:434,0
DA:444,0
DA:463,0
DA:485,0
DA:509,0
DA:528,0
DA:547,0
LF:88
LH:4
BRDA:80,0,0,0
BRDA:80,0,1,0
BRDA:89,1,0,0
BRDA:89,1,1,0
BRDA:98,2,0,0
BRDA:98,2,1,0
BRDA:145,3,0,0
BRDA:145,3,1,0
BRDA:171,4,0,0
BRDA:171,4,1,0
BRDA:201,5,0,0
BRDA:201,5,1,0
BRDA:204,6,0,0
BRDA:204,6,1,0
BRDA:205,7,0,0
BRDA:205,7,1,0
BRDA:215,8,0,0
BRDA:215,8,1,0
BRDA:219,9,0,0
BRDA:219,9,1,0
BRDA:231,10,0,0
BRDA:231,10,1,0
BRDA:231,11,0,0
BRDA:231,11,1,0
BRDA:246,12,0,0
BRDA:246,12,1,0
BRDA:266,13,0,0
BRDA:266,13,1,0
BRDA:266,13,2,0
BRDA:266,13,3,0
BRDA:266,13,4,0
BRDA:266,13,5,0
BRDA:266,13,6,0
BRDA:323,14,0,0
BRDA:323,14,1,0
BRDA:334,15,0,0
BRDA:334,15,1,0
BRDA:347,16,0,0
BRDA:347,16,1,0
BRDA:364,17,0,0
BRDA:364,17,1,0
BRDA:379,18,0,0
BRDA:379,18,1,0
BRDA:390,19,0,0
BRDA:390,19,1,0
BRDA:400,20,0,0
BRDA:400,20,1,0
BRDA:411,21,0,0
BRDA:411,21,1,0
BRDA:413,22,0,0
BRDA:413,22,1,0
BRDA:441,23,0,0
BRDA:460,24,0,0
BRDA:479,25,0,0
BRDA:501,26,0,0
BRDA:525,27,0,0
BRDA:544,28,0,0
BRF:57
BRH:0
end_of_record
